2025-10-16 12:16:39,701 [INFO] Activator:176 - 


2025-10-16 12:16:39,701 [INFO] Activator:177 - !SESSION log4j initialized
2025-10-16 12:16:43,647 [INFO] LogOutputStream:77 - [STDOUT_REDIRECT] 
2025-10-16 12:16:45,996 [INFO] ApplicationProperties:184 - Using Application install path: E:\ST\STM32CubeIDE_1.14.0\STM32CubeIDE\plugins\com.st.stm32cube.common.mx_6.10.0.202311202037
2025-10-16 12:16:46,017 [INFO] DbMcusXml:78 - Set database path to: E:\ST\STM32CubeIDE_1.14.0\STM32CubeIDE\plugins\com.st.stm32cube.common.mx_6.10.0.202311202037\\db\/mcu/
2025-10-16 12:16:46,018 [INFO] ApiDb:274 - Set plugin database path to: E:\ST\STM32CubeIDE_1.14.0\STM32CubeIDE\plugins\com.st.stm32cube.common.mx_6.10.0.202311202037\\db\/plugins/boardmanager/
2025-10-16 12:16:46,018 [WARN] ApiDb:259 - Overriding images path with different value:  => E:\ST\STM32CubeIDE_1.14.0\STM32CubeIDE\plugins\com.st.stm32cube.common.mx_6.10.0.202311202037\\db\/plugins/mcufinder/images/
2025-10-16 12:16:46,023 [INFO] ApiDb:250 - Set database path to: C:\Users\duyss\.stmcufinder\plugins\mcufinder//mcu/
2025-10-16 12:16:46,026 [INFO] DbMcusAds:125 - Set database path to: C:\Users\duyss\.stmcufinder\plugins\mcufinder//mcu/
2025-10-16 12:16:46,028 [INFO] CrossReferenceDbSqlite:203 - Set database path to: C:\Users\duyss\.stmcufinder\plugins\mcufinder//mcu/cs/
2025-10-16 12:16:46,172 [INFO] RulesReader:64 - Compatibility file has been processed (297 Rules)
2025-10-16 12:16:46,303 [INFO] DbMcusXml:78 - Set database path to: E:\ST\STM32CubeIDE_1.14.0\STM32CubeIDE\plugins\com.st.stm32cube.common.mx_6.10.0.202311202037\\db\/mcu/
2025-10-16 12:16:46,304 [INFO] ApiDb:274 - Set plugin database path to: E:\ST\STM32CubeIDE_1.14.0\STM32CubeIDE\plugins\com.st.stm32cube.common.mx_6.10.0.202311202037\\db\/plugins/boardmanager/
2025-10-16 12:16:46,305 [INFO] ApiDb:261 - Set plugin images path to: E:\ST\STM32CubeIDE_1.14.0\STM32CubeIDE\plugins\com.st.stm32cube.common.mx_6.10.0.202311202037\\db\/plugins/mcufinder/images/
2025-10-16 12:16:46,305 [WARN] DbFile:41 - Overriding database path with different value: C:\Users\duyss\.stmcufinder\plugins\mcufinder/ => C:\Users\duyss\.stmcufinder\plugins\mcufinder
2025-10-16 12:16:46,306 [INFO] ApiDb:250 - Set database path to: C:\Users\duyss\.stmcufinder\plugins\mcufinder//mcu/
2025-10-16 12:16:46,306 [WARN] DbFile:41 - Overriding database path with different value: C:\Users\duyss\.stmcufinder\plugins\mcufinder/ => C:\Users\duyss\.stmcufinder\plugins\mcufinder
2025-10-16 12:16:46,306 [INFO] DbMcusAds:125 - Set database path to: C:\Users\duyss\.stmcufinder\plugins\mcufinder//mcu/
2025-10-16 12:16:46,306 [WARN] DbFile:41 - Overriding database path with different value: C:\Users\duyss\.stmcufinder\plugins\mcufinder/ => C:\Users\duyss\.stmcufinder\plugins\mcufinder
2025-10-16 12:16:46,306 [WARN] DbFile:41 - Overriding database path with different value: C:\Users\duyss\.stmcufinder\plugins\mcufinder/ => C:\Users\duyss\.stmcufinder\plugins\mcufinder
2025-10-16 12:16:46,306 [INFO] CrossReferenceDbSqlite:203 - Set database path to: C:\Users\duyss\.stmcufinder\plugins\mcufinder//mcu/cs/
2025-10-16 12:16:46,432 [INFO] MainPanel:264 - HeapMemory: 268435456
2025-10-16 12:16:46,608 [INFO] DbMcusXml:78 - Set database path to: E:\ST\STM32CubeIDE_1.14.0\STM32CubeIDE\plugins\com.st.stm32cube.common.mx_6.10.0.202311202037\\db\/mcu/
2025-10-16 12:16:46,608 [INFO] ApiDb:274 - Set plugin database path to: E:\ST\STM32CubeIDE_1.14.0\STM32CubeIDE\plugins\com.st.stm32cube.common.mx_6.10.0.202311202037\\db\/plugins/boardmanager/
2025-10-16 12:16:46,608 [INFO] ApiDb:261 - Set plugin images path to: E:\ST\STM32CubeIDE_1.14.0\STM32CubeIDE\plugins\com.st.stm32cube.common.mx_6.10.0.202311202037\\db\/plugins/mcufinder/images/
2025-10-16 12:16:46,610 [WARN] DbFile:41 - Overriding database path with different value: C:\Users\duyss\.stmcufinder\plugins\mcufinder/ => C:\Users\duyss\.stmcufinder\plugins\mcufinder
2025-10-16 12:16:46,610 [INFO] ApiDb:250 - Set database path to: C:\Users\duyss\.stmcufinder\plugins\mcufinder//mcu/
2025-10-16 12:16:46,610 [WARN] DbFile:41 - Overriding database path with different value: C:\Users\duyss\.stmcufinder\plugins\mcufinder/ => C:\Users\duyss\.stmcufinder\plugins\mcufinder
2025-10-16 12:16:46,610 [INFO] DbMcusAds:125 - Set database path to: C:\Users\duyss\.stmcufinder\plugins\mcufinder//mcu/
2025-10-16 12:16:46,611 [WARN] DbFile:41 - Overriding database path with different value: C:\Users\duyss\.stmcufinder\plugins\mcufinder/ => C:\Users\duyss\.stmcufinder\plugins\mcufinder
2025-10-16 12:16:46,611 [WARN] DbFile:41 - Overriding database path with different value: C:\Users\duyss\.stmcufinder\plugins\mcufinder/ => C:\Users\duyss\.stmcufinder\plugins\mcufinder
2025-10-16 12:16:46,611 [INFO] CrossReferenceDbSqlite:203 - Set database path to: C:\Users\duyss\.stmcufinder\plugins\mcufinder//mcu/cs/
2025-10-16 12:16:46,645 [INFO] ApplicationProperties:184 - Using Application install path: E:\ST\STM32CubeIDE_1.14.0\STM32CubeIDE\plugins\com.st.stm32cube.common.mx_6.10.0.202311202037
2025-10-16 12:16:46,647 [INFO] PluginManage:196 - Search for loadable plugins [exclusion list=, ]
2025-10-16 12:16:46,649 [INFO] PluginManage:310 - Check plugin analytics
2025-10-16 12:16:46,929 [INFO] AnalyticsPlugin:253 - Accepted Software Licenses: 
2025-10-16 12:16:46,930 [INFO] AnalyticsPlugin:255 - Accepted CMSIS Pack Licenses: 
2025-10-16 12:16:46,930 [INFO] AnalyticsPlugin:257 - Accepted Firmware Licenses: 
2025-10-16 12:16:46,933 [INFO] PluginManage:359 - Loaded plugin analytics (category:tool,tabindex:-1)
2025-10-16 12:16:46,935 [INFO] PluginManage:310 - Check plugin cadmodel
2025-10-16 12:16:46,939 [INFO] CADModel:105 - Init CAD model plugin
2025-10-16 12:16:46,939 [INFO] PluginManage:359 - Loaded plugin cadmodel (category:power,tabindex:5)
2025-10-16 12:16:46,939 [INFO] PluginManage:310 - Check plugin clock
2025-10-16 12:16:46,953 [INFO] PluginManage:359 - Loaded plugin clock (category:base,tabindex:2)
2025-10-16 12:16:46,953 [INFO] PluginManage:310 - Check plugin ddr
2025-10-16 12:16:46,962 [INFO] PluginManage:359 - Loaded plugin ddr (category:tool,tabindex:6)
2025-10-16 12:16:46,963 [INFO] PluginManage:310 - Check plugin filemanager
2025-10-16 12:16:47,170 [INFO] PluginManage:359 - Loaded plugin filemanager (category:base,tabindex:10)
2025-10-16 12:16:47,171 [INFO] PluginManage:310 - Check plugin ipmanager
2025-10-16 12:16:47,184 [INFO] PluginManage:359 - Loaded plugin ipmanager (category:base,tabindex:5)
2025-10-16 12:16:47,185 [INFO] PluginManage:310 - Check plugin lpbam
2025-10-16 12:16:47,202 [INFO] PluginManage:359 - Loaded plugin lpbam (category:base,tabindex:0)
2025-10-16 12:16:47,203 [INFO] PluginManage:310 - Check plugin memorymap
2025-10-16 12:16:47,225 [INFO] PluginManage:359 - Loaded plugin memorymap (category:base,tabindex:4)
2025-10-16 12:16:47,226 [INFO] PluginManage:310 - Check plugin pinoutandconfiguration
2025-10-16 12:16:47,237 [INFO] PluginManage:359 - Loaded plugin pinoutandconfiguration (category:base,tabindex:1)
2025-10-16 12:16:47,239 [INFO] PluginManage:310 - Check plugin pinoutconfig
2025-10-16 12:16:47,404 [WARN] SupportedApi:132 - Cannot load RTOS API schema: s4s-elt-must-match.1: The content of 'definitions' must match (annotation?, (simpleType | complexType)?, (unique | key | keyref)*)). A problem was found starting at: attribute.
2025-10-16 12:16:47,646 [INFO] PluginManage:359 - Loaded plugin pinoutconfig (category:base,tabindex:0)
2025-10-16 12:16:47,646 [INFO] PluginManage:310 - Check plugin power
2025-10-16 12:16:47,659 [INFO] PluginManage:359 - Loaded plugin power (category:power,tabindex:4)
2025-10-16 12:16:47,660 [INFO] PluginManage:310 - Check plugin projectmanager
2025-10-16 12:16:47,692 [INFO] PluginManage:359 - Loaded plugin projectmanager (category:projectmanager,tabindex:3)
2025-10-16 12:16:47,692 [INFO] PluginManage:310 - Check plugin thirdparty
2025-10-16 12:16:47,907 [INFO] PluginManage:359 - Loaded plugin thirdparty (category:base,tabindex:-1)
2025-10-16 12:16:47,907 [INFO] PluginManage:310 - Check plugin tools
2025-10-16 12:16:47,907 [WARN] IntegrityCheckThread:84 - waiting for thirdparty lock release [integrity check]
2025-10-16 12:16:47,907 [INFO] IntegrityCheckThread:86 - entering critical section [integrity check]
2025-10-16 12:16:47,908 [INFO] ThirdPartyUpdaterWithRetryManager:70 - Updater plugin not ready yet. [1/15]
2025-10-16 12:16:47,911 [INFO] PluginManage:359 - Loaded plugin tools (category:base,tabindex:7)
2025-10-16 12:16:47,912 [INFO] PluginManage:310 - Check plugin tutovideos
2025-10-16 12:16:48,249 [INFO] PluginManage:359 - Loaded plugin tutovideos (category:base,tabindex:-1)
2025-10-16 12:16:48,250 [INFO] PluginManage:310 - Check plugin updater
2025-10-16 12:16:48,269 [INFO] PluginManage:359 - Loaded plugin updater (category:base,tabindex:12)
2025-10-16 12:16:48,269 [INFO] PluginManage:310 - Check plugin userauth
2025-10-16 12:16:48,277 [INFO] UserAuth:114 - Init User Auth plugin
2025-10-16 12:16:48,277 [INFO] PluginManage:359 - Loaded plugin userauth (category:base,tabindex:14)
2025-10-16 12:16:48,280 [INFO] PluginManage:283 - PluginManage : Loaded plugins [17]
2025-10-16 12:16:48,339 [INFO] McuFinderGlobals:63 - Set McuFinder mode to 2 (CubeIDE integrated)
2025-10-16 12:16:48,614 [INFO] PinOutPanel:1499 - setPackage(No Configuration,No Configuration)
2025-10-16 12:16:48,729 [INFO] CADModel:165 - CPN selected for project level
2025-10-16 12:16:48,729 [INFO] CADModel:114 - Register for checkConnection events
2025-10-16 12:16:48,748 [INFO] IPUIPlugin:80 - create IPUIPlugin
2025-10-16 12:16:48,748 [INFO] PluginManager:220 - loadIPPluginJar : add adc
2025-10-16 12:16:48,751 [INFO] IPUIPlugin:80 - create IPUIPlugin
2025-10-16 12:16:48,752 [INFO] PluginManager:220 - loadIPPluginJar : add aes
2025-10-16 12:16:48,754 [INFO] IPUIPlugin:80 - create IPUIPlugin
2025-10-16 12:16:48,755 [INFO] PluginManager:220 - loadIPPluginJar : add can
2025-10-16 12:16:48,757 [INFO] IPUIPlugin:80 - create IPUIPlugin
2025-10-16 12:16:48,757 [INFO] PluginManager:220 - loadIPPluginJar : add comp
2025-10-16 12:16:48,761 [INFO] IPUIPlugin:80 - create IPUIPlugin
2025-10-16 12:16:48,761 [INFO] PluginManager:220 - loadIPPluginJar : add cryp
2025-10-16 12:16:48,763 [INFO] IPUIPlugin:80 - create IPUIPlugin
2025-10-16 12:16:48,763 [INFO] PluginManager:220 - loadIPPluginJar : add dfsdm
2025-10-16 12:16:48,771 [INFO] IPUIPlugin:80 - create IPUIPlugin
2025-10-16 12:16:48,772 [INFO] PluginManager:220 - loadIPPluginJar : add dma
2025-10-16 12:16:48,775 [INFO] IPUIPlugin:80 - create IPUIPlugin
2025-10-16 12:16:48,775 [INFO] PluginManager:220 - loadIPPluginJar : add dma3
2025-10-16 12:16:48,777 [INFO] IPUIPlugin:80 - create IPUIPlugin
2025-10-16 12:16:48,777 [INFO] PluginManager:220 - loadIPPluginJar : add fatfs
2025-10-16 12:16:48,782 [INFO] IPUIPlugin:80 - create IPUIPlugin
2025-10-16 12:16:48,782 [INFO] PluginManager:220 - loadIPPluginJar : add fmc
2025-10-16 12:16:48,789 [INFO] IPUIPlugin:80 - create IPUIPlugin
2025-10-16 12:16:48,790 [INFO] PluginManager:220 - loadIPPluginJar : add freertos
2025-10-16 12:16:48,791 [INFO] IPUIPlugin:80 - create IPUIPlugin
2025-10-16 12:16:48,791 [INFO] PluginManager:220 - loadIPPluginJar : add genericplugin
2025-10-16 12:16:48,794 [INFO] IPUIPlugin:80 - create IPUIPlugin
2025-10-16 12:16:48,794 [INFO] PluginManager:220 - loadIPPluginJar : add gfxmmu
2025-10-16 12:16:48,799 [INFO] IPUIPlugin:80 - create IPUIPlugin
2025-10-16 12:16:48,800 [INFO] PluginManager:220 - loadIPPluginJar : add gic
2025-10-16 12:16:48,805 [INFO] IPUIPlugin:80 - create IPUIPlugin
2025-10-16 12:16:48,805 [INFO] PluginManager:220 - loadIPPluginJar : add gpio
2025-10-16 12:16:48,810 [INFO] IPUIPlugin:80 - create IPUIPlugin
2025-10-16 12:16:48,810 [INFO] PluginManager:220 - loadIPPluginJar : add gtzc
2025-10-16 12:16:48,812 [INFO] IPUIPlugin:80 - create IPUIPlugin
2025-10-16 12:16:48,812 [INFO] PluginManager:220 - loadIPPluginJar : add hash
2025-10-16 12:16:48,815 [INFO] IPUIPlugin:80 - create IPUIPlugin
2025-10-16 12:16:48,817 [INFO] PluginManager:220 - loadIPPluginJar : add i2c
2025-10-16 12:16:48,820 [INFO] IPUIPlugin:80 - create IPUIPlugin
2025-10-16 12:16:48,821 [INFO] PluginManager:220 - loadIPPluginJar : add i2s
2025-10-16 12:16:48,824 [INFO] IPUIPlugin:80 - create IPUIPlugin
2025-10-16 12:16:48,824 [INFO] PluginManager:220 - loadIPPluginJar : add i3c
2025-10-16 12:16:48,827 [INFO] IPUIPlugin:80 - create IPUIPlugin
2025-10-16 12:16:48,828 [INFO] PluginManager:220 - loadIPPluginJar : add ipddr
2025-10-16 12:16:48,847 [INFO] IPUIPlugin:80 - create IPUIPlugin
2025-10-16 12:16:48,847 [INFO] PluginManager:220 - loadIPPluginJar : add linkedlist
2025-10-16 12:16:48,850 [INFO] IPUIPlugin:80 - create IPUIPlugin
2025-10-16 12:16:48,851 [INFO] PluginManager:220 - loadIPPluginJar : add lorawan
2025-10-16 12:16:48,852 [INFO] IPUIPlugin:80 - create IPUIPlugin
2025-10-16 12:16:48,852 [INFO] PluginManager:220 - loadIPPluginJar : add ltdc
2025-10-16 12:16:48,860 [INFO] IPUIPlugin:80 - create IPUIPlugin
2025-10-16 12:16:48,861 [INFO] PluginManager:220 - loadIPPluginJar : add mdma
2025-10-16 12:16:48,864 [INFO] IPUIPlugin:80 - create IPUIPlugin
2025-10-16 12:16:48,864 [INFO] PluginManager:220 - loadIPPluginJar : add nvic
2025-10-16 12:16:48,866 [INFO] IPUIPlugin:80 - create IPUIPlugin
2025-10-16 12:16:48,866 [INFO] PluginManager:220 - loadIPPluginJar : add opamp
2025-10-16 12:16:48,868 [INFO] IPUIPlugin:80 - create IPUIPlugin
2025-10-16 12:16:48,868 [INFO] PluginManager:220 - loadIPPluginJar : add openamp
2025-10-16 12:16:48,870 [INFO] IPUIPlugin:80 - create IPUIPlugin
2025-10-16 12:16:48,871 [INFO] PluginManager:220 - loadIPPluginJar : add pdm2pcm
2025-10-16 12:16:48,877 [INFO] IPUIPlugin:80 - create IPUIPlugin
2025-10-16 12:16:48,881 [INFO] PluginManager:220 - loadIPPluginJar : add plateformsettings
2025-10-16 12:16:48,882 [INFO] IPUIPlugin:80 - create IPUIPlugin
2025-10-16 12:16:48,883 [INFO] PluginManager:220 - loadIPPluginJar : add quadspi
2025-10-16 12:16:48,886 [INFO] IPUIPlugin:80 - create IPUIPlugin
2025-10-16 12:16:48,886 [INFO] PluginManager:220 - loadIPPluginJar : add resmgrutility
2025-10-16 12:16:48,888 [INFO] IPUIPlugin:80 - create IPUIPlugin
2025-10-16 12:16:48,888 [INFO] PluginManager:220 - loadIPPluginJar : add sai
2025-10-16 12:16:48,890 [INFO] IPUIPlugin:80 - create IPUIPlugin
2025-10-16 12:16:48,891 [INFO] PluginManager:220 - loadIPPluginJar : add spi
2025-10-16 12:16:48,895 [INFO] IPUIPlugin:80 - create IPUIPlugin
2025-10-16 12:16:48,896 [INFO] PluginManager:220 - loadIPPluginJar : add stm32_wpan
2025-10-16 12:16:48,897 [INFO] IPUIPlugin:80 - create IPUIPlugin
2025-10-16 12:16:48,897 [INFO] PluginManager:220 - loadIPPluginJar : add tim
2025-10-16 12:16:48,901 [INFO] IPUIPlugin:80 - create IPUIPlugin
2025-10-16 12:16:48,901 [INFO] PluginManager:220 - loadIPPluginJar : add touchsensing
2025-10-16 12:16:48,903 [INFO] IPUIPlugin:80 - create IPUIPlugin
2025-10-16 12:16:48,903 [INFO] PluginManager:220 - loadIPPluginJar : add tracer_emb
2025-10-16 12:16:48,906 [INFO] IPUIPlugin:80 - create IPUIPlugin
2025-10-16 12:16:48,906 [INFO] PluginManager:220 - loadIPPluginJar : add ts
2025-10-16 12:16:48,907 [INFO] IPUIPlugin:80 - create IPUIPlugin
2025-10-16 12:16:48,907 [INFO] PluginManager:220 - loadIPPluginJar : add tsc
2025-10-16 12:16:48,909 [INFO] IPUIPlugin:80 - create IPUIPlugin
2025-10-16 12:16:48,909 [INFO] PluginManager:220 - loadIPPluginJar : add ucpd
2025-10-16 12:16:48,912 [INFO] IPUIPlugin:80 - create IPUIPlugin
2025-10-16 12:16:48,912 [INFO] PluginManager:220 - loadIPPluginJar : add usart
2025-10-16 12:16:48,915 [INFO] IPUIPlugin:80 - create IPUIPlugin
2025-10-16 12:16:48,915 [INFO] PluginManager:220 - loadIPPluginJar : add usbx
2025-10-16 12:16:49,057 [INFO] CADModel:165 - CPN selected for project level
2025-10-16 12:16:49,057 [INFO] CADModel:114 - Register for checkConnection events
2025-10-16 12:16:49,057 [FATAL] Updater:308 - Updater called before beeing initialized
2025-10-16 12:16:49,058 [ERROR] CADModel:125 - Updater not yet initialized, retry later 
2025-10-16 12:16:49,317 [INFO] CADModel:165 - CPN selected for project level
2025-10-16 12:16:49,317 [INFO] CADModel:114 - Register for checkConnection events
2025-10-16 12:16:49,317 [FATAL] Updater:308 - Updater called before beeing initialized
2025-10-16 12:16:49,317 [ERROR] CADModel:125 - Updater not yet initialized, retry later 
2025-10-16 12:16:49,321 [FATAL] Updater:308 - Updater called before beeing initialized
2025-10-16 12:16:49,447 [FATAL] Updater:308 - Updater called before beeing initialized
2025-10-16 12:16:49,451 [INFO] DbMcusAds:53 - JSON generation date=Tue Jul 08 15:14:27 ICT 2025 (1751962467633)
2025-10-16 12:16:49,451 [FATAL] Updater:308 - Updater called before beeing initialized
2025-10-16 12:16:49,494 [WARN] DetailPanel:346 - Failed to get advertising image, set to default
2025-10-16 12:16:49,608 [FATAL] Updater:308 - Updater called before beeing initialized
2025-10-16 12:16:49,610 [FATAL] Updater:308 - Updater called before beeing initialized
2025-10-16 12:16:49,611 [FATAL] Updater:308 - Updater called before beeing initialized
2025-10-16 12:16:49,611 [WARN] DetailPanel:346 - Failed to get advertising image, set to default
2025-10-16 12:16:49,612 [FATAL] Updater:308 - Updater called before beeing initialized
2025-10-16 12:16:49,697 [ERROR] Updater:1120 - MainUpdater not yet initialized. External WinMGr cannot be set.
2025-10-16 12:16:49,701 [INFO] Updater:1056 - Updater Version found : 6.10.0
2025-10-16 12:16:49,727 [INFO] ApplicationProperties:184 - Using Application install path: E:\ST\STM32CubeIDE_1.14.0\STM32CubeIDE\plugins\com.st.stm32cube.common.mx_6.10.0.202311202037
2025-10-16 12:16:50,263 [INFO] MainUpdater:2873 - connection check result : 10
2025-10-16 12:16:50,264 [INFO] MainUpdater:290 - Updater Check For Update Now.
2025-10-16 12:16:50,265 [INFO] MicroXplorer:498 - Change Database Version : DB.6.0.100
2025-10-16 12:16:50,273 [INFO] McuFinderGlobals:63 - Set McuFinder mode to 2 (CubeIDE integrated)
2025-10-16 12:16:50,567 [INFO] CheckServerUpdateThread:120 - End of CheckServer Thread
2025-10-16 12:16:50,679 [INFO] MainUpdater:2873 - connection check result : 10
2025-10-16 12:16:50,684 [INFO] McuFinderGlobals:76 - Set McuFinderConnectedMode to true
2025-10-16 12:16:50,883 [INFO] UserAuth:404 - Internet connection configuration mode: 1
2025-10-16 12:16:50,910 [WARN] MainUpdater:1194 - Updater busy. Cannot search thirdparties
2025-10-16 12:16:50,912 [INFO] ThirdPartyUpdaterWithRetryManager:96 - Updater plugin is busy. [1/15]
2025-10-16 12:16:50,923 [INFO] JxBrowserEngine:152 - Initiate JxBrowser Engine with user profile folder
2025-10-16 12:16:50,991 [INFO] ServerAccessManage:473 - Download File mcusAds.json._tmp_
2025-10-16 12:16:51,109 [INFO] LoadUrlFilesThread:156 - End of LoadUrlFiles Thread
2025-10-16 12:16:51,283 [INFO] ServerAccessManage:473 - Download File cube-finder-db.zip
2025-10-16 12:16:52,073 [INFO] WebApp:161 - Instantiating new browser for Auth
2025-10-16 12:16:53,360 [INFO] WebApp:780 - Register for checkConnection events
2025-10-16 12:16:53,360 [INFO] WebApp:414 - Apply proxy settings
2025-10-16 12:16:53,361 [INFO] WebApp:499 - Chromium requires no authentication
2025-10-16 12:16:53,377 [INFO] WebApp:442 - Direct internet connection detected
2025-10-16 12:16:53,747 [INFO] WebApp:192 - Starting web application
2025-10-16 12:16:53,748 [INFO] WebApp:544 - Web application path used E:\ST\STM32CubeIDE_1.14.0\STM32CubeIDE\plugins\com.st.stm32cube.common.mx_6.10.0.202311202037\db\plugins\mcufinder\reactClient1\index.html
2025-10-16 12:16:53,913 [WARN] MainUpdater:1194 - Updater busy. Cannot search thirdparties
2025-10-16 12:16:53,913 [INFO] ThirdPartyUpdaterWithRetryManager:96 - Updater plugin is busy. [2/15]
2025-10-16 12:16:56,915 [WARN] MainUpdater:1194 - Updater busy. Cannot search thirdparties
2025-10-16 12:16:56,915 [INFO] ThirdPartyUpdaterWithRetryManager:96 - Updater plugin is busy. [3/15]
2025-10-16 12:16:57,872 [INFO] FileExtend:240 - Unzip File : cube-finder-db.zip
2025-10-16 12:16:57,873 [INFO] FileExtend:255 - Standard Zip Deflate
2025-10-16 12:16:59,284 [INFO] LoadUrlFilesThread:156 - End of LoadUrlFiles Thread
2025-10-16 12:16:59,918 [WARN] MainUpdater:1194 - Updater busy. Cannot search thirdparties
2025-10-16 12:16:59,919 [INFO] ThirdPartyUpdaterWithRetryManager:96 - Updater plugin is busy. [4/15]
2025-10-16 12:17:00,977 [INFO] ServerAccessManage:473 - Download File crdb.zip
2025-10-16 12:17:02,920 [WARN] MainUpdater:1194 - Updater busy. Cannot search thirdparties
2025-10-16 12:17:02,920 [INFO] ThirdPartyUpdaterWithRetryManager:96 - Updater plugin is busy. [5/15]
2025-10-16 12:17:03,040 [INFO] FileExtend:240 - Unzip File : crdb.zip
2025-10-16 12:17:03,041 [INFO] FileExtend:255 - Standard Zip Deflate
2025-10-16 12:17:03,214 [INFO] LoadUrlFilesThread:156 - End of LoadUrlFiles Thread
2025-10-16 12:17:03,453 [INFO] ServerAccessManage:473 - Download File tutoVideoDB.zip
2025-10-16 12:17:03,501 [INFO] FileExtend:240 - Unzip File : tutoVideoDB.zip
2025-10-16 12:17:03,502 [INFO] FileExtend:255 - Standard Zip Deflate
2025-10-16 12:17:03,650 [INFO] LoadUrlFilesThread:156 - End of LoadUrlFiles Thread
2025-10-16 12:17:03,653 [WARN] DbFile:41 - Overriding database path with different value: C:\Users\duyss\.stmcufinder\plugins\mcufinder/ => C:\Users\duyss\.stmcufinder\plugins\mcufinder
2025-10-16 12:17:03,857 [INFO] ServerAccessManage:473 - Download File api_config.json
2025-10-16 12:17:03,967 [INFO] LoadUrlFilesThread:156 - End of LoadUrlFiles Thread
2025-10-16 12:17:03,968 [INFO] DbMcusAds:53 - JSON generation date=Thu Oct 02 16:36:05 ICT 2025 (1759397765645)
2025-10-16 12:17:04,115 [INFO] ServerAccessManage:473 - Download File 
2025-10-16 12:17:04,164 [INFO] LoadUrlFilesThread:185 - End of LoadServerUrlFiles without Thread
2025-10-16 12:17:04,164 [INFO] TargetSelectorAdapter:259 - Refresh data is successful
2025-10-16 12:17:04,405 [INFO] ApiDb:581 - Connected to CubeFinder SQLite database (C:\Users\duyss\.stmcufinder\plugins\mcufinder\mcu\cube-finder-db.db)
2025-10-16 12:17:04,505 [INFO] ApiDb:668 - CubeFinder database Data Model version=2.1
2025-10-16 12:17:04,505 [INFO] ApiDb:669 - CubeFinder database Configuration version=3.0.39
2025-10-16 12:17:04,506 [INFO] ApiDb:670 - CubeFinder database generation date=2025-08-25 (1756130511)
2025-10-16 12:17:04,506 [INFO] ApiDb:671 - CubeFinder database FW Pack versions=[FP-ATR-ASTRA1_V2.0.0, FP-SNS-FLIGHT1_V5.1.0, FP-SNS-MOTENV1_V5.0.0, FP-SNS-MOTENVWB1_V1.4.0, FP-SNS-SMARTAG2_V1.2.0, FP-SNS-STBOX1_V2.1.0, STM32Cube_FW_C0_V1.4.0, STM32Cube_FW_F4_V1.28.3, STM32Cube_FW_F7_V1.17.4, STM32Cube_FW_G0_V1.6.2, STM32Cube_FW_G4_V1.6.1, STM32Cube_FW_H5_V1.5.0, STM32Cube_FW_H7RS_V1.2.0, STM32Cube_FW_H7_V1.12.1, STM32Cube_FW_L0_V1.12.2, STM32Cube_FW_L4_V1.18.1, STM32Cube_FW_L5_V1.5.1, STM32Cube_FW_N6_V1.2.0, STM32Cube_FW_U0_V1.3.0, STM32Cube_FW_U3_V1.2.0, STM32Cube_FW_U5_V1.8.0, STM32Cube_FW_WB0_V1.3.0, STM32Cube_FW_WBA_V1.7.0, STM32Cube_FW_WB_V1.23.0, STM32Cube_FW_WL3_V1.2.0, STM32Cube_FW_WL_V1.3.1, X-CUBE-ALGOBUILD_V1.4.0, X-CUBE-ALS_V1.0.2, X-CUBE-AZRTOS-F4_V1.1.0, X-CUBE-AZRTOS-F7_V1.1.0, X-CUBE-AZRTOS-G0_V1.1.0, X-CUBE-AZRTOS-G4_V2.0.0, X-CUBE-AZRTOS-H7RS_V1.1.0, X-CUBE-AZRTOS-H7_V3.4.0, X-CUBE-AZRTOS-L4_V2.0.0, X-CUBE-AZRTOS-L5_V2.0.0, X-CUBE-AZRTOS-WB_V2.0.0, X-CUBE-AZRTOS-WL_V2.0.0, X-CUBE-BLE1_V7.1.0, X-CUBE-BLE2_V3.3.0, X-CUBE-BLEMGR_V4.1.0, X-CUBE-EEPRMA1_V5.2.0, X-CUBE-FREERTOS_V1.3.1, X-CUBE-GNSS1_V6.0.0, X-CUBE-MEMS1_V11.3.0, X-CUBE-NFC4_V3.0.0, X-CUBE-NFC7_V2.0.0, X-CUBE-SFXS2LP1_V4.0.0, X-CUBE-ST67W61_V1.0.0, X-CUBE-SUBG2_V5.0.0, X-CUBE-TOF1_V3.4.3]
2025-10-16 12:17:06,190 [WARN] PackLoader:240 - Cannot read IP mode file for STMicroelectronics.FP-SNS-MOTENVWB1.1.4.0
2025-10-16 12:17:06,212 [WARN] PackLoader:240 - Cannot read IP mode file for STMicroelectronics.FP-ATR-ASTRA1.2.0.2
2025-10-16 12:17:06,221 [WARN] PackLoader:240 - Cannot read IP mode file for STMicroelectronics.FP-ATR-ASTRA1.2.0.1
2025-10-16 12:17:06,240 [WARN] PackLoader:240 - Cannot read IP mode file for STMicroelectronics.X-CUBE-SMBUS.2.1.0
2025-10-16 12:17:06,260 [WARN] PackLoader:240 - Cannot read IP mode file for STMicroelectronics.X-CUBE-WB05N.1.1.0
2025-10-16 12:17:06,270 [ERROR] Engine:466 - C:\Users\duyss\.stm32cubemx\thirdparties\pdsc\STMicroelectronics.X-CUBE-ST60.1.0.0.pdsc: PDSC version is not supported
2025-10-16 12:17:06,278 [WARN] PackLoader:240 - Cannot read IP mode file for STMicroelectronics.X-CUBE-TOUCHGFX.4.23.0
2025-10-16 12:17:06,283 [WARN] PackLoader:240 - Cannot read IP mode file for STMicroelectronics.X-CUBE-TOUCHGFX.4.23.2
2025-10-16 12:17:06,335 [WARN] PackLoader:240 - Cannot read IP mode file for STMicroelectronics.X-CUBE-AZRTOS-F7.1.1.0
2025-10-16 12:17:06,352 [WARN] PackLoader:240 - Cannot read IP mode file for STMicroelectronics.FP-SNS-MOTENV1.4.3.2
2025-10-16 12:17:06,459 [WARN] PackLoader:240 - Cannot read IP mode file for STMicroelectronics.X-CUBE-MEMS1.11.0.0
2025-10-16 12:17:06,750 [WARN] PackLoader:240 - Cannot read IP mode file for STMicroelectronics.FP-SNS-FLIGHT1.5.0.2
2025-10-16 12:17:06,777 [WARN] PackLoader:240 - Cannot read IP mode file for STMicroelectronics.X-CUBE-AZRTOS-H7.3.4.0
2025-10-16 12:17:06,788 [WARN] PackLoader:240 - Cannot read IP mode file for STMicroelectronics.X-CUBE-DISPLAY.3.0.0
2025-10-16 12:17:06,797 [WARN] PackLoader:240 - Cannot read IP mode file for STMicroelectronics.X-CUBE-BLE1.7.0.0
2025-10-16 12:17:06,805 [WARN] PackLoader:240 - Cannot read IP mode file for STMicroelectronics.X-CUBE-NFC10.1.0.0
2025-10-16 12:17:06,821 [WARN] PackLoader:240 - Cannot read IP mode file for STMicroelectronics.X-CUBE-BLEMGR.4.0.0
2025-10-16 12:17:06,830 [ERROR] Engine:466 - C:\Users\duyss\.stm32cubemx\thirdparties\pdsc\STMicroelectronics.X-CUBE-ST60.1.1.0.pdsc: PDSC version is not supported
2025-10-16 12:17:06,837 [WARN] PackLoader:240 - Cannot read IP mode file for emotas.I-CUBE-CANOPEN.1.3.0
2025-10-16 12:17:06,845 [WARN] PackLoader:240 - Cannot read IP mode file for STMicroelectronics.X-CUBE-BLEMGR.3.1.0
2025-10-16 12:17:06,851 [WARN] PackLoader:240 - Cannot read IP mode file for STMicroelectronics.X-CUBE-AI.10.0.0
2025-10-16 12:17:06,855 [ERROR] Engine:466 - C:\Users\duyss\.stm32cubemx\thirdparties\pdsc\STMicroelectronics.FP-SNS-STBOX1.2.1.0.pdsc: PDSC version is not supported
2025-10-16 12:17:06,860 [WARN] PackLoader:240 - Cannot read IP mode file for STMicroelectronics.FP-SNS-SMARTAG2.1.2.0
2025-10-16 12:17:06,864 [ERROR] Engine:466 - C:\Users\duyss\.stm32cubemx\thirdparties\pdsc\STMicroelectronics.FP-SNS-FLIGHT1.5.1.0.pdsc: PDSC version is not supported
2025-10-16 12:17:06,944 [WARN] PackLoader:240 - Cannot read IP mode file for STMicroelectronics.X-CUBE-MEMS1.11.1.0
2025-10-16 12:17:07,161 [INFO] LogOutputStream:77 - [STDOUT_REDIRECT] 1 : Invalid condition id : UX_CORESTACK_Condition cause : null
2025-10-16 12:17:07,164 [INFO] LogOutputStream:77 - [STDOUT_REDIRECT] 1 : Invalid condition id : UX_CORESTACK_Condition cause : null
2025-10-16 12:17:07,166 [INFO] LogOutputStream:77 - [STDOUT_REDIRECT] 1 : Invalid condition id : UX_CORESTACK_Condition cause : null
2025-10-16 12:17:07,168 [INFO] LogOutputStream:77 - [STDOUT_REDIRECT] 1 : Invalid condition id : UX_CORESTACK_Condition cause : null
2025-10-16 12:17:07,170 [INFO] LogOutputStream:77 - [STDOUT_REDIRECT] 1 : Invalid condition id : UX_CORESTACK_Condition cause : null
2025-10-16 12:17:07,173 [WARN] PackLoader:240 - Cannot read IP mode file for STMicroelectronics.X-CUBE-AZRTOS-WL.2.0.0
2025-10-16 12:17:07,179 [WARN] PackLoader:240 - Cannot read IP mode file for STMicroelectronics.FP-SNS-MOTENV1.5.0.0
2025-10-16 12:17:07,185 [WARN] PackLoader:240 - Cannot read IP mode file for wolfSSL.I-CUBE-wolfMQTT.1.19.0
2025-10-16 12:17:07,197 [WARN] PackLoader:240 - Cannot read IP mode file for WES.I-CUBE-Cesium.1.3.0
2025-10-16 12:17:07,206 [WARN] PackLoader:240 - Cannot read IP mode file for STMicroelectronics.X-CUBE-BLE2.3.3.0
2025-10-16 12:17:07,214 [WARN] PackLoader:240 - Cannot read IP mode file for STMicroelectronics.X-CUBE-NFC9.1.0.0
2025-10-16 12:17:07,220 [WARN] PackLoader:240 - Cannot read IP mode file for STMicroelectronics.X-CUBE-BLE1.7.1.0
2025-10-16 12:17:07,228 [WARN] PackLoader:240 - Cannot read IP mode file for STMicroelectronics.X-CUBE-TCPP.4.1.0
2025-10-16 12:17:07,241 [WARN] PackLoader:240 - Cannot read IP mode file for STMicroelectronics.X-CUBE-EEPRMA1.5.2.0
2025-10-16 12:17:07,249 [ERROR] Engine:466 - C:\Users\duyss\.stm32cubemx\thirdparties\pdsc\STMicroelectronics.X-CUBE-ST67W61.1.1.0.pdsc: PDSC version is not supported
2025-10-16 12:17:07,257 [WARN] PackLoader:240 - Cannot read IP mode file for STMicroelectronics.X-CUBE-ALGOBUILD.1.3.0
2025-10-16 12:17:07,271 [WARN] PackLoader:240 - Cannot read IP mode file for STMicroelectronics.X-CUBE-AZRTOS-G0.1.1.0
2025-10-16 12:17:07,282 [WARN] PackLoader:240 - Cannot read IP mode file for STMicroelectronics.X-CUBE-SAFEA1.1.2.2
2025-10-16 12:17:07,289 [WARN] PackLoader:240 - Cannot read IP mode file for STMicroelectronics.X-CUBE-NFC4.3.0.0
2025-10-16 12:17:07,299 [WARN] PackLoader:240 - Cannot read IP mode file for EmbeddedOffice.I-CUBE-FS-RTOS.1.0.1
2025-10-16 12:17:07,300 [ERROR] ConditionMgr:805 - Attr not supported : Dmpu
2025-10-16 12:17:07,300 [ERROR] ConditionMgr:805 - Attr not supported : Dmpu
2025-10-16 12:17:07,300 [ERROR] ConditionMgr:805 - Attr not supported : Dmpu
2025-10-16 12:17:07,300 [ERROR] ConditionMgr:805 - Attr not supported : Dmpu
2025-10-16 12:17:07,300 [ERROR] ConditionMgr:805 - Attr not supported : Dmpu
2025-10-16 12:17:07,300 [ERROR] ConditionMgr:805 - Attr not supported : Dmpu
2025-10-16 12:17:07,300 [ERROR] ConditionMgr:805 - Attr not supported : Dmpu
2025-10-16 12:17:07,300 [ERROR] ConditionMgr:805 - Attr not supported : Dmpu
2025-10-16 12:17:07,301 [ERROR] ConditionMgr:805 - Attr not supported : Dmpu
2025-10-16 12:17:07,301 [ERROR] ConditionMgr:805 - Attr not supported : Dmpu
2025-10-16 12:17:07,301 [ERROR] ConditionMgr:805 - Attr not supported : Dmpu
2025-10-16 12:17:07,301 [ERROR] ConditionMgr:805 - Attr not supported : Dmpu
2025-10-16 12:17:07,301 [ERROR] ConditionMgr:805 - Attr not supported : Dmpu
2025-10-16 12:17:07,301 [ERROR] ConditionMgr:805 - Attr not supported : Dmpu
2025-10-16 12:17:07,301 [ERROR] ConditionMgr:805 - Attr not supported : Dmpu
2025-10-16 12:17:07,301 [ERROR] ConditionMgr:805 - Attr not supported : Dmpu
2025-10-16 12:17:07,301 [ERROR] ConditionMgr:805 - Attr not supported : Dmpu
2025-10-16 12:17:07,301 [ERROR] ConditionMgr:805 - Attr not supported : Dmpu
2025-10-16 12:17:07,301 [ERROR] ConditionMgr:805 - Attr not supported : Dmpu
2025-10-16 12:17:07,301 [ERROR] ConditionMgr:805 - Attr not supported : Dmpu
2025-10-16 12:17:07,301 [ERROR] ConditionMgr:805 - Attr not supported : Dmpu
2025-10-16 12:17:07,301 [ERROR] ConditionMgr:805 - Attr not supported : Dmpu
2025-10-16 12:17:07,301 [ERROR] ConditionMgr:805 - Attr not supported : Dmpu
2025-10-16 12:17:07,301 [ERROR] ConditionMgr:805 - Attr not supported : Dmpu
2025-10-16 12:17:07,301 [ERROR] ConditionMgr:805 - Attr not supported : Dmpu
2025-10-16 12:17:07,301 [ERROR] ConditionMgr:805 - Attr not supported : Dmpu
2025-10-16 12:17:07,301 [ERROR] ConditionMgr:805 - Attr not supported : Dmpu
2025-10-16 12:17:07,301 [ERROR] ConditionMgr:805 - Attr not supported : Dmpu
2025-10-16 12:17:07,301 [ERROR] ConditionMgr:805 - Attr not supported : Dmpu
2025-10-16 12:17:07,301 [ERROR] ConditionMgr:805 - Attr not supported : Dmpu
2025-10-16 12:17:07,301 [ERROR] ConditionMgr:805 - Attr not supported : Dmpu
2025-10-16 12:17:07,301 [ERROR] ConditionMgr:805 - Attr not supported : Dmpu
2025-10-16 12:17:07,301 [ERROR] ConditionMgr:805 - Attr not supported : Dmpu
2025-10-16 12:17:07,301 [ERROR] ConditionMgr:805 - Attr not supported : Dmpu
2025-10-16 12:17:07,302 [ERROR] ConditionMgr:805 - Attr not supported : Dmpu
2025-10-16 12:17:07,302 [ERROR] ConditionMgr:805 - Attr not supported : Dmpu
2025-10-16 12:17:07,302 [ERROR] ConditionMgr:805 - Attr not supported : Dmpu
2025-10-16 12:17:07,302 [ERROR] ConditionMgr:805 - Attr not supported : Dmpu
2025-10-16 12:17:07,302 [ERROR] ConditionMgr:805 - Attr not supported : Dmpu
2025-10-16 12:17:07,302 [ERROR] ConditionMgr:805 - Attr not supported : Dmpu
2025-10-16 12:17:07,302 [ERROR] ConditionMgr:805 - Attr not supported : Dmpu
2025-10-16 12:17:07,302 [ERROR] ConditionMgr:805 - Attr not supported : Dmpu
2025-10-16 12:17:07,302 [ERROR] ConditionMgr:805 - Attr not supported : Dmpu
2025-10-16 12:17:07,302 [ERROR] ConditionMgr:805 - Attr not supported : Dmpu
2025-10-16 12:17:07,302 [ERROR] ConditionMgr:805 - Attr not supported : Dmpu
2025-10-16 12:17:07,302 [ERROR] ConditionMgr:805 - Attr not supported : Dmpu
2025-10-16 12:17:07,302 [ERROR] ConditionMgr:805 - Attr not supported : Dmpu
2025-10-16 12:17:07,302 [ERROR] ConditionMgr:805 - Attr not supported : Dmpu
2025-10-16 12:17:07,302 [ERROR] ConditionMgr:805 - Attr not supported : Dmpu
2025-10-16 12:17:07,302 [ERROR] ConditionMgr:805 - Attr not supported : Dmpu
2025-10-16 12:17:07,302 [ERROR] ConditionMgr:805 - Attr not supported : Dmpu
2025-10-16 12:17:07,302 [ERROR] ConditionMgr:805 - Attr not supported : Dmpu
2025-10-16 12:17:07,302 [ERROR] ConditionMgr:805 - Attr not supported : Dmpu
2025-10-16 12:17:07,302 [ERROR] ConditionMgr:805 - Attr not supported : Dmpu
2025-10-16 12:17:07,302 [ERROR] ConditionMgr:805 - Attr not supported : Dmpu
2025-10-16 12:17:07,302 [ERROR] ConditionMgr:805 - Attr not supported : Dmpu
2025-10-16 12:17:07,303 [ERROR] ConditionMgr:805 - Attr not supported : Dmpu
2025-10-16 12:17:07,303 [ERROR] ConditionMgr:805 - Attr not supported : Dmpu
2025-10-16 12:17:07,303 [ERROR] ConditionMgr:805 - Attr not supported : Dmpu
2025-10-16 12:17:07,303 [ERROR] ConditionMgr:805 - Attr not supported : Dmpu
2025-10-16 12:17:07,303 [ERROR] ConditionMgr:805 - Attr not supported : Dmpu
2025-10-16 12:17:07,303 [ERROR] ConditionMgr:805 - Attr not supported : Dmpu
2025-10-16 12:17:07,303 [ERROR] ConditionMgr:805 - Attr not supported : Dmpu
2025-10-16 12:17:07,303 [ERROR] ConditionMgr:805 - Attr not supported : Dmpu
2025-10-16 12:17:07,307 [WARN] PackLoader:240 - Cannot read IP mode file for STMicroelectronics.X-CUBE-WB05N.2.0.0
2025-10-16 12:17:07,314 [WARN] PackLoader:240 - Cannot read IP mode file for STMicroelectronics.X-CUBE-BLEMGR.3.0.0
2025-10-16 12:17:07,318 [ERROR] Engine:466 - C:\Users\duyss\.stm32cubemx\thirdparties\pdsc\STMicroelectronics.X-CUBE-TCPP.4.2.0.pdsc: PDSC version is not supported
2025-10-16 12:17:07,325 [WARN] PackLoader:240 - Cannot read IP mode file for RealThread.X-CUBE-RT-Thread_Nano.4.1.1
2025-10-16 12:17:07,330 [WARN] PackLoader:240 - Cannot read IP mode file for STMicroelectronics.FP-ATR-SIGFOX1.3.2.0
2025-10-16 12:17:07,338 [WARN] ConditionMgr:438 - getConditionDescription Invalid condition id : Cortex-A Device cause : null
2025-10-16 12:17:07,364 [WARN] ConditionMgr:1039 - genDependencies : Invalid condition id : Cortex-A Device cause : null
2025-10-16 12:17:07,365 [WARN] ConditionMgr:1039 - genDependencies : Invalid condition id : Cortex-A Device cause : null
2025-10-16 12:17:07,365 [WARN] ConditionMgr:1039 - genDependencies : Invalid condition id : Cortex-A Device cause : null
2025-10-16 12:17:07,373 [WARN] PackLoader:240 - Cannot read IP mode file for STMicroelectronics.X-CUBE-EEPRMA1.5.1.0
2025-10-16 12:17:07,379 [ERROR] Engine:466 - C:\Users\duyss\.stm32cubemx\thirdparties\pdsc\STMicroelectronics.X-CUBE-ST67W61.1.0.0.pdsc: PDSC version is not supported
2025-10-16 12:17:07,384 [WARN] PackLoader:240 - Cannot read IP mode file for STMicroelectronics.X-CUBE-AI.10.2.0
2025-10-16 12:17:07,418 [WARN] PackLoader:240 - Cannot read IP mode file for SEGGER.I-CUBE-embOS.1.3.1
2025-10-16 12:17:07,461 [WARN] PackLoader:240 - Cannot read IP mode file for STMicroelectronics.X-CUBE-ALGOBUILD.1.4.0
2025-10-16 12:17:07,515 [WARN] PackLoader:240 - Cannot read IP mode file for STMicroelectronics.X-CUBE-MEMS1.11.3.0
2025-10-16 12:17:07,699 [WARN] PackLoader:240 - Cannot read IP mode file for STMicroelectronics.X-CUBE-AI.9.1.0
2025-10-16 12:17:07,704 [WARN] PackLoader:240 - Cannot read IP mode file for STMicroelectronics.X-CUBE-PM33A1.1.0.0
2025-10-16 12:17:07,712 [WARN] PackLoader:240 - Cannot read IP mode file for STMicroelectronics.X-CUBE-GNSS1.6.0.0
2025-10-16 12:17:07,736 [WARN] PackLoader:240 - Cannot read IP mode file for STMicroelectronics.X-CUBE-AZRTOS-F4.1.1.0
2025-10-16 12:17:07,744 [ERROR] Engine:466 - C:\Users\duyss\.stm32cubemx\thirdparties\pdsc\Avnet-IotConnect.X-CUBE-IoTC-DA16k-PMOD.1.0.0.pdsc: PDSC version is not supported
2025-10-16 12:17:07,749 [WARN] PackLoader:240 - Cannot read IP mode file for STMicroelectronics.X-CUBE-ISPU.2.1.0
2025-10-16 12:17:07,755 [ERROR] Engine:466 - C:\Users\duyss\.stm32cubemx\thirdparties\pdsc\STMicroelectronics.X-CUBE-IPS.3.2.0.pdsc: PDSC version is not supported
2025-10-16 12:17:07,759 [WARN] PackLoader:240 - Cannot read IP mode file for STMicroelectronics.X-CUBE-FREERTOS.1.2.0
2025-10-16 12:17:07,767 [WARN] PackLoader:240 - Cannot read IP mode file for wolfSSL.I-CUBE-wolfSSL.5.6.6
2025-10-16 12:17:07,775 [WARN] PackLoader:240 - Cannot read IP mode file for STMicroelectronics.X-CUBE-NFC12.1.0.0
2025-10-16 12:17:07,795 [WARN] PackLoader:240 - Cannot read IP mode file for STMicroelectronics.X-CUBE-AZRTOS-L5.2.0.0
2025-10-16 12:17:07,804 [WARN] PackLoader:240 - Cannot read IP mode file for STMicroelectronics.X-CUBE-NFC6.3.1.0
2025-10-16 12:17:07,810 [WARN] PackLoader:240 - Cannot read IP mode file for ITTIA_DB.I-CUBE-ITTIADB.8.8.0
2025-10-16 12:17:07,820 [WARN] PackLoader:240 - Cannot read IP mode file for STMicroelectronics.X-CUBE-DPower.1.2.0
2025-10-16 12:17:07,824 [WARN] PackLoader:240 - Cannot read IP mode file for STMicroelectronics.X-CUBE-AI.9.0.0
2025-10-16 12:17:07,828 [WARN] PackLoader:240 - Cannot read IP mode file for STMicroelectronics.X-CUBE-FREERTOS.1.3.1
2025-10-16 12:17:07,835 [WARN] PackLoader:240 - Cannot read IP mode file for STMicroelectronics.X-CUBE-FREERTOS.1.3.0
2025-10-16 12:17:07,843 [WARN] PackLoader:240 - Cannot read IP mode file for STMicroelectronics.X-CUBE-NFC7.1.0.1
2025-10-16 12:17:07,848 [WARN] PackLoader:240 - Cannot read IP mode file for STMicroelectronics.X-CUBE-TOUCHGFX.4.26.0
2025-10-16 12:17:07,856 [WARN] PackLoader:240 - Cannot read IP mode file for STMicroelectronics.X-CUBE-NFC6.3.0.0
2025-10-16 12:17:07,860 [ERROR] Engine:466 - C:\Users\duyss\.stm32cubemx\thirdparties\pdsc\STMicroelectronics.FP-SNS-STAIOTCFT.1.0.0.pdsc: PDSC version is not supported
2025-10-16 12:17:07,862 [WARN] PackLoader:240 - Cannot read IP mode file for STMicroelectronics.X-CUBE-DPower.1.3.0
2025-10-16 12:17:07,867 [WARN] PackLoader:240 - Cannot read IP mode file for STMicroelectronics.X-CUBE-AI.8.1.0
2025-10-16 12:17:07,880 [WARN] ConditionMgr:438 - getConditionDescription Invalid condition id : LAN8742 Phy interface Condition cause : null
2025-10-16 12:17:07,881 [WARN] PackLoader:240 - Cannot read IP mode file for STMicroelectronics.X-CUBE-AZRTOS-L4.2.0.0
2025-10-16 12:17:07,883 [WARN] ConditionMgr:1039 - genDependencies : Invalid condition id : LAN8742 Phy interface Condition cause : null
2025-10-16 12:17:07,883 [WARN] ConditionMgr:1039 - genDependencies : Invalid condition id : LAN8742 Phy interface Condition cause : null
2025-10-16 12:17:07,885 [WARN] ConditionMgr:1039 - genDependencies : Invalid condition id : LAN8742 Phy interface Condition cause : null
2025-10-16 12:17:07,893 [WARN] PackLoader:240 - Cannot read IP mode file for STMicroelectronics.X-CUBE-SFXS2LP1.4.0.0
2025-10-16 12:17:07,915 [WARN] PackLoader:240 - Cannot read IP mode file for STMicroelectronics.X-CUBE-AZRTOS-H7.3.3.0
2025-10-16 12:17:07,922 [ERROR] Engine:466 - C:\Users\duyss\.stm32cubemx\thirdparties\pdsc\STMicroelectronics.X-CUBE-BLEMGR.4.1.0.pdsc: PDSC version is not supported
2025-10-16 12:17:07,932 [WARN] PackLoader:240 - Cannot read IP mode file for STMicroelectronics.X-CUBE-IPS.3.0.0
2025-10-16 12:17:07,945 [WARN] ConditionMgr:438 - getConditionDescription Invalid condition id : UX DEVICE CLASS RTOS Condition cause : null
2025-10-16 12:17:07,946 [WARN] ConditionMgr:438 - getConditionDescription Invalid condition id : UX DEVICE CLASS RTOS Condition cause : null
2025-10-16 12:17:07,947 [WARN] PackLoader:240 - Cannot read IP mode file for STMicroelectronics.X-CUBE-AZRTOS-WB.2.0.0
2025-10-16 12:17:07,948 [WARN] ConditionMgr:1039 - genDependencies : Invalid condition id : UX DEVICE CLASS RTOS Condition cause : null
2025-10-16 12:17:07,948 [WARN] ConditionMgr:1039 - genDependencies : Invalid condition id : UX DEVICE CLASS RTOS Condition cause : null
2025-10-16 12:17:07,948 [WARN] ConditionMgr:1039 - genDependencies : Invalid condition id : UX DEVICE CLASS RTOS Condition cause : null
2025-10-16 12:17:07,948 [WARN] ConditionMgr:1039 - genDependencies : Invalid condition id : UX DEVICE CLASS RTOS Condition cause : null
2025-10-16 12:17:07,948 [WARN] ConditionMgr:1039 - genDependencies : Invalid condition id : UX DEVICE CLASS RTOS Condition cause : null
2025-10-16 12:17:07,956 [WARN] PackLoader:240 - Cannot read IP mode file for STMicroelectronics.X-CUBE-GNSS1.7.0.0
2025-10-16 12:17:07,963 [WARN] PackLoader:240 - Cannot read IP mode file for STMicroelectronics.X-CUBE-GNSS1.7.0.1
2025-10-16 12:17:07,969 [WARN] PackLoader:240 - Cannot read IP mode file for STMicroelectronics.X-CUBE-TOUCHGFX.4.25.0
2025-10-16 12:17:07,973 [WARN] PackLoader:240 - Cannot read IP mode file for STMicroelectronics.FP-SNS-STBOX1.2.0.0
2025-10-16 12:17:07,985 [WARN] PackLoader:240 - Cannot read IP mode file for STMicroelectronics.X-CUBE-SUBG2.5.0.0
2025-10-16 12:17:08,007 [WARN] PackLoader:240 - Cannot read IP mode file for STMicroelectronics.X-CUBE-AZRTOS-H7RS.1.1.0
2025-10-16 12:17:08,016 [WARN] PackLoader:240 - Cannot read IP mode file for Cesanta.I-CUBE-Mongoose.7.13.0
2025-10-16 12:17:08,028 [WARN] PackLoader:240 - Cannot read IP mode file for STMicroelectronics.X-CUBE-AZRTOS-G4.2.0.0
2025-10-16 12:17:08,044 [WARN] PackLoader:240 - Cannot read IP mode file for Infineon.AIROC-Wi-Fi-Bluetooth-STM32.1.5.1
2025-10-16 12:17:08,050 [WARN] PackLoader:240 - Cannot read IP mode file for STMicroelectronics.X-CUBE-NFC7.2.0.0
2025-10-16 12:17:08,053 [WARN] PackLoader:240 - Cannot read IP mode file for STMicroelectronics.FP-SNS-MOTENVWB1.1.3.1
2025-10-16 12:17:08,058 [WARN] PackLoader:240 - Cannot read IP mode file for STMicroelectronics.X-CUBE-ISPU.2.0.0
2025-10-16 12:17:08,063 [ERROR] Engine:466 - C:\Users\duyss\.stm32cubemx\thirdparties\pdsc\STMicroelectronics.X-CUBE-IPS.3.1.0.pdsc: PDSC version is not supported
2025-10-16 12:17:08,067 [WARN] PackLoader:240 - Cannot read IP mode file for STMicroelectronics.X-CUBE-ALS.1.0.2
2025-10-16 12:17:08,099 [WARN] PackLoader:240 - Cannot read IP mode file for STMicroelectronics.X-CUBE-MEMS1.10.0.0
2025-10-16 12:17:08,239 [WARN] PackLoader:240 - Cannot read IP mode file for STMicroelectronics.X-CUBE-FREERTOS.1.1.0
2025-10-16 12:17:08,242 [WARN] PackLoader:240 - Cannot read IP mode file for STMicroelectronics.X-CUBE-TOUCHGFX.4.24.2
2025-10-16 12:17:08,245 [WARN] PackLoader:240 - Cannot read IP mode file for STMicroelectronics.X-CUBE-TOUCHGFX.4.24.1
2025-10-16 12:17:08,250 [WARN] PackLoader:240 - Cannot read IP mode file for STMicroelectronics.X-CUBE-STSE01.1.0.0
2025-10-16 12:17:08,258 [WARN] PackLoader:240 - Cannot read IP mode file for wolfSSL.I-CUBE-wolfTPM.3.4.0
2025-10-16 12:17:08,263 [WARN] PackLoader:240 - Cannot read IP mode file for portGmbH.I-Cube-SoM-uGOAL.1.1.0
2025-10-16 12:17:08,268 [WARN] PackLoader:240 - Cannot read IP mode file for STMicroelectronics.X-CUBE-ALS.1.0.1
2025-10-16 12:17:08,282 [WARN] PackLoader:240 - Cannot read IP mode file for STMicroelectronics.X-CUBE-AZRTOS-H7RS.1.0.0
2025-10-16 12:17:08,288 [WARN] PackLoader:240 - Cannot read IP mode file for STMicroelectronics.FP-ATR-ASTRA1.2.0.0
2025-10-16 12:17:08,299 [WARN] PackLoader:240 - Cannot read IP mode file for STMicroelectronics.X-CUBE-TOF1.3.4.2
2025-10-16 12:17:08,313 [ERROR] Engine:466 - C:\Users\duyss\.stm32cubemx\thirdparties\pdsc\STMicroelectronics.X-CUBE-TOF1.3.4.3.pdsc: PDSC version is not supported
2025-10-16 12:17:08,321 [WARN] PackLoader:240 - Cannot read IP mode file for STMicroelectronics.X-CUBE-TOF1.3.4.0
2025-10-16 12:17:08,335 [WARN] PackLoader:240 - Cannot read IP mode file for STMicroelectronics.X-CUBE-TOF1.3.4.1
2025-10-16 12:17:08,355 [WARN] PackLoader:240 - Cannot read IP mode file for STMicroelectronics.X-CUBE-AZRTOS-H7.3.2.0
2025-10-16 12:17:08,362 [WARN] PackLoader:240 - Cannot read IP mode file for wolfSSL.I-CUBE-wolfSSH.1.4.17
2025-10-16 12:17:08,363 [INFO] ThirdParty:978 - Integrity check success = true
2025-10-16 12:17:08,363 [INFO] IntegrityCheckThread:100 - exiting critical section [integrity check]
2025-10-16 12:17:08,363 [INFO] IntegrityCheckThread:103 - End integrity checks thread
2025-10-16 12:17:08,819 [INFO] ApiDb:240 - Found 371 in-development CPN: [B-G473E-ZEST1S, B-WB1M-WPAN1, B-WL5M-SUBG1, NUCLEO-C031C6, NUCLEO-H503RB, NUCLEO-H563ZI, NUCLEO-U545RE-Q, NUCLEO-U5A5ZJ-Q, NUCLEO-WBA52CG, NUCLEO-WBA55CG, STEVAL-MKBOXPRO, STEVAL-PROTEUS1, STEVAL-STWINBX1, STM320518-EVAL, STM32C0116-DK, STM32C011D6Y3TR, STM32C011D6Y6TR, STM32C011F4P3, STM32C011F4P6, STM32C011F4U3, STM32C011F4U6TR, STM32C011F6P3, STM32C011F6P6, STM32C011F6U3, STM32C011F6U6TR, STM32C011J4M3, STM32C011J4M6, STM32C011J6M3, STM32C011J6M6, STM32C0316-DK, STM32C031C4T3, STM32C031C4T6, STM32C031C4U3, STM32C031C4U6, STM32C031C6T3, STM32C031C6T6, STM32C031C6U3, STM32C031C6U6, STM32C031F4P3, STM32C031F4P6, STM32C031F6P3, STM32C031F6P6, STM32C031G4U3, STM32C031G4U6, STM32C031G6U3, STM32C031G6U6, STM32C031K4T3, STM32C031K4T6, STM32C031K4U3, STM32C031K4U6, STM32C031K6T3, STM32C031K6T6, STM32C031K6U3, STM32C031K6U6, STM32G071K8TXN, STM32G071K8UXN, STM32G081GBU6N, STM32G081KBT6N, STM32G081KBUXN, STM32G0B1CCT6N, STM32G0B1KCT6, STM32G0B1NEY6TR, STM32G0B1RCT6N, STM32G0C1CCT6, STM32G0C1CCT6N, STM32G0C1CCU6N, STM32G0C1CET6N, STM32G0C1CEU6N, STM32G0C1KCT6, STM32G0C1NEY6TR, STM32G0C1RCI6N, STM32G0C1RCT6N, STM32G0C1REI6N, STM32G0C1RET6N, STM32G0C1VCI6, STM32G0C1VEI6, STM32G471CCT6, STM32G471CCU6, STM32G471CET3, STM32G471CET6, STM32G471CEU3, STM32G471CEU6, STM32G471MCT6, STM32G471MET3, STM32G471MET6, STM32G471MEY6TR, STM32G471QCT6, STM32G471QET3, STM32G471RCT6, STM32G471RET3, STM32G471RET6, STM32G471VCH6, STM32G471VCI6, STM32G471VCT6, STM32G471VEH3, STM32G471VEH6, STM32G471VEI3, STM32G471VEI6, STM32G471VET3, STM32G471VET6, STM32G474CCT6, STM32H503CBT6, STM32H503CBU6, STM32H503EBY6TR, STM32H503KBU6, STM32H503RBT6, STM32H562AGI6, STM32H562AII6, STM32H562IGK6, STM32H562IGT6, STM32H562IIK6, STM32H562IIT6, STM32H562RGT6, STM32H562RGV6, STM32H562RIT6, STM32H562RIV6, STM32H562VGT6, STM32H562VIT6, STM32H562ZGT6, STM32H562ZIT6, STM32H563AGI6, STM32H563AII3Q, STM32H563AII6, STM32H563IGK6, STM32H563IGT6, STM32H563IIK3Q, STM32H563IIK6, STM32H563IIT3Q, STM32H563IIT6, STM32H563MIY3QTR, STM32H563RGT6, STM32H563RGV6, STM32H563RIT6, STM32H563RIV6, STM32H563VGT6, STM32H563VIT3Q, STM32H563VIT6, STM32H563ZGT6, STM32H563ZIT3Q, STM32H563ZIT6, STM32H573AII3Q, STM32H573AII6, STM32H573I-DK, STM32H573IIK3Q, STM32H573IIK6, STM32H573IIT3Q, STM32H573IIT6, STM32H573MIY3QTR, STM32H573RIT6, STM32H573RIV6, STM32H573VIT3Q, STM32H573VIT6, STM32H573ZIT3Q, STM32H573ZIT6, STM32L4R5QGI6STR, STM32MP131AAE3, STM32MP131AAF3, STM32MP131AAG3, STM32MP131CAE3, STM32MP131CAF3, STM32MP131CAG3, STM32MP131DAE7, STM32MP131DAF7, STM32MP131DAG7, STM32MP131FAE7, STM32MP131FAF7, STM32MP131FAG7, STM32MP133AAE3, STM32MP133AAF3, STM32MP133AAG3, STM32MP133CAE3, STM32MP133CAF3, STM32MP133CAG3, STM32MP133DAE7, STM32MP133DAF7, STM32MP133DAG7, STM32MP133FAE7, STM32MP133FAF7, STM32MP133FAG7, STM32MP135AAE3, STM32MP135AAF3, STM32MP135AAG3, STM32MP135CAE3, STM32MP135CAF3, STM32MP135CAG3, STM32MP135DAE7, STM32MP135DAF7, STM32MP135DAG7, STM32MP135F-DK, STM32MP135FAE7, STM32MP135FAF7, STM32MP135FAF7T, STM32MP135FAF7U, STM32MP135FAG7, STM32U535CBT6, STM32U535CBT6Q, STM32U535CBU6, STM32U535CBU6Q, STM32U535CCT6, STM32U535CCT6Q, STM32U535CCU6, STM32U535CCU6Q, STM32U535CET6, STM32U535CET6Q, STM32U535CEU6, STM32U535CEU6Q, STM32U535JEY6QTR, STM32U535NCY6QTR, STM32U535NEY6QTR, STM32U535RBI6, STM32U535RBI6Q, STM32U535RBT6, STM32U535RBT6Q, STM32U535RCI6, STM32U535RCI6Q, STM32U535RCT6, STM32U535RCT6Q, STM32U535REI6, STM32U535REI6Q, STM32U535RET6, STM32U535RET6Q, STM32U535VCI6, STM32U535VCI6Q, STM32U535VCT6, STM32U535VCT6Q, STM32U535VEI6, STM32U535VEI6Q, STM32U535VET6, STM32U535VET6Q, STM32U545CET6, STM32U545CET6Q, STM32U545CEU6, STM32U545CEU6Q, STM32U545JEY6QTR, STM32U545NEY6QTR, STM32U545REI6, STM32U545REI6Q, STM32U545RET6, STM32U545RET6Q, STM32U545VEI6, STM32U545VEI6Q, STM32U545VET6, STM32U545VET6Q, STM32U595AIH6, STM32U595AIH6Q, STM32U595AJH6, STM32U595AJH6Q, STM32U595QII6, STM32U595QII6Q, STM32U595QJI6, STM32U595QJI6Q, STM32U595RIT6, STM32U595RIT6Q, STM32U595RJT6, STM32U595RJT6Q, STM32U595VIT6, STM32U595VIT6Q, STM32U595VJT6, STM32U595VJT6Q, STM32U595ZIT6, STM32U595ZIT6Q, STM32U595ZIY6QTR, STM32U595ZJT6, STM32U595ZJT6Q, STM32U595ZJY6QTR, STM32U599BJY6QTR, STM32U599NIH6Q, STM32U599NJH6Q, STM32U599VIT6Q, STM32U599VJT6, STM32U599VJT6Q, STM32U599ZIT6Q, STM32U599ZIY6QTR, STM32U599ZJT6Q, STM32U599ZJY6QTR, STM32U5A5AJH6, STM32U5A5AJH6Q, STM32U5A5QJI6, STM32U5A5QJI6Q, STM32U5A5RJT6, STM32U5A5RJT6Q, STM32U5A5VJT6, STM32U5A5VJT6Q, STM32U5A5ZJT6, STM32U5A5ZJT6Q, STM32U5A5ZJY6QTR, STM32U5A9BJY6QTR, STM32U5A9J-DK, STM32U5A9NJH6Q, STM32U5A9VJT6Q, STM32U5A9ZJT6Q, STM32U5A9ZJY6QTR, STM32U5F7VIT6, STM32U5F7VIT6Q, STM32U5F7VJT6, STM32U5F7VJT6Q, STM32U5F9BJY6QTR, STM32U5F9NJH6Q, STM32U5F9VIT6Q, STM32U5F9VJT6Q, STM32U5F9ZIJ6QTR, STM32U5F9ZIT6Q, STM32U5F9ZJJ6QTR, STM32U5F9ZJT6Q, STM32U5G7VJT6, STM32U5G7VJT6Q, STM32U5G9BJY6QTR, STM32U5G9J-DK1, STM32U5G9J-DK2, STM32U5G9NJH6Q, STM32U5G9VJT6Q, STM32U5G9ZJJ6QTR, STM32U5G9ZJT6Q, STM32WB1MMCH6, STM32WBA50KEU6, STM32WBA50KEU6TR, STM32WBA50KGU6, STM32WBA50KGU6TR, STM32WBA52CEU6, STM32WBA52CEU6TR, STM32WBA52CEU7, STM32WBA52CEU7TR, STM32WBA52CGU6, STM32WBA52CGU6TR, STM32WBA52CGU6U, STM32WBA52CGU7, STM32WBA52CGU7TR, STM32WBA52KEU6, STM32WBA52KEU6TR, STM32WBA52KGU6, STM32WBA52KGU6TR, STM32WBA54CEU6, STM32WBA54CEU6TR, STM32WBA54CEU7, STM32WBA54CEU7TR, STM32WBA54CGU6, STM32WBA54CGU6TR, STM32WBA54CGU7, STM32WBA54CGU7TR, STM32WBA54KEU6, STM32WBA54KEU6TR, STM32WBA54KEU7, STM32WBA54KEU7TR, STM32WBA54KGU6, STM32WBA54KGU6TR, STM32WBA54KGU7, STM32WBA54KGU7TR, STM32WBA55CEU6, STM32WBA55CEU6TR, STM32WBA55CEU7, STM32WBA55CEU7TR, STM32WBA55CGU6, STM32WBA55CGU6TR, STM32WBA55CGU6U, STM32WBA55CGU7, STM32WBA55CGU7TR, STM32WBA55G-DK1, STM32WBA55HEF6, STM32WBA55HEF7, STM32WBA55HGF6, STM32WBA55HGF7, STM32WBA55UEI6, STM32WBA55UEI6TR, STM32WBA55UEI7, STM32WBA55UEI7TR, STM32WBA55UGI6, STM32WBA55UGI6TR, STM32WBA55UGI7, STM32WBA55UGI7TR, STM32WL5MOCH6, STM32WL5MOCH6TR]
2025-10-16 12:17:08,836 [INFO] DbMcus:218 - Found 4733 MCUs, 4733 are supported
2025-10-16 12:17:08,839 [INFO] ApiDb:423 - Load user favorites file C:\Users\duyss/.stm32cubeide/favorites.mcus.txt: 0 item(s)
2025-10-16 12:17:08,839 [INFO] ApiDb:427 - User favorites MCUs=[]
2025-10-16 12:17:08,840 [INFO] DbMcus:224 - Set 0 / 0 favorites MCUs
2025-10-16 12:17:09,448 [INFO] ApiDb:668 - CubeFinder database Data Model version=2.1
2025-10-16 12:17:09,448 [INFO] ApiDb:669 - CubeFinder database Configuration version=3.0.39
2025-10-16 12:17:09,448 [INFO] ApiDb:670 - CubeFinder database generation date=2025-08-25 (1756130511)
2025-10-16 12:17:09,448 [INFO] ApiDb:671 - CubeFinder database FW Pack versions=[FP-ATR-ASTRA1_V2.0.0, FP-SNS-FLIGHT1_V5.1.0, FP-SNS-MOTENV1_V5.0.0, FP-SNS-MOTENVWB1_V1.4.0, FP-SNS-SMARTAG2_V1.2.0, FP-SNS-STBOX1_V2.1.0, STM32Cube_FW_C0_V1.4.0, STM32Cube_FW_F4_V1.28.3, STM32Cube_FW_F7_V1.17.4, STM32Cube_FW_G0_V1.6.2, STM32Cube_FW_G4_V1.6.1, STM32Cube_FW_H5_V1.5.0, STM32Cube_FW_H7RS_V1.2.0, STM32Cube_FW_H7_V1.12.1, STM32Cube_FW_L0_V1.12.2, STM32Cube_FW_L4_V1.18.1, STM32Cube_FW_L5_V1.5.1, STM32Cube_FW_N6_V1.2.0, STM32Cube_FW_U0_V1.3.0, STM32Cube_FW_U3_V1.2.0, STM32Cube_FW_U5_V1.8.0, STM32Cube_FW_WB0_V1.3.0, STM32Cube_FW_WBA_V1.7.0, STM32Cube_FW_WB_V1.23.0, STM32Cube_FW_WL3_V1.2.0, STM32Cube_FW_WL_V1.3.1, X-CUBE-ALGOBUILD_V1.4.0, X-CUBE-ALS_V1.0.2, X-CUBE-AZRTOS-F4_V1.1.0, X-CUBE-AZRTOS-F7_V1.1.0, X-CUBE-AZRTOS-G0_V1.1.0, X-CUBE-AZRTOS-G4_V2.0.0, X-CUBE-AZRTOS-H7RS_V1.1.0, X-CUBE-AZRTOS-H7_V3.4.0, X-CUBE-AZRTOS-L4_V2.0.0, X-CUBE-AZRTOS-L5_V2.0.0, X-CUBE-AZRTOS-WB_V2.0.0, X-CUBE-AZRTOS-WL_V2.0.0, X-CUBE-BLE1_V7.1.0, X-CUBE-BLE2_V3.3.0, X-CUBE-BLEMGR_V4.1.0, X-CUBE-EEPRMA1_V5.2.0, X-CUBE-FREERTOS_V1.3.1, X-CUBE-GNSS1_V6.0.0, X-CUBE-MEMS1_V11.3.0, X-CUBE-NFC4_V3.0.0, X-CUBE-NFC7_V2.0.0, X-CUBE-SFXS2LP1_V4.0.0, X-CUBE-ST67W61_V1.0.0, X-CUBE-SUBG2_V5.0.0, X-CUBE-TOF1_V3.4.3]
2025-10-16 12:17:09,543 [INFO] DbBoardsSqlite:226 - include board P-NUCLEO-WB55-NUCLEO as a kit item of type 'Nucleo-64'
2025-10-16 12:17:09,543 [INFO] DbBoardsSqlite:226 - include board P-NUCLEO-WB55-USBDONGLE as a kit item of type 'Nucleo USB Dongle'
2025-10-16 12:17:09,544 [INFO] DbBoardsSqlite:226 - include board STEVAL-IDP005V1 as a kit item of type 'Evaluation Board'
2025-10-16 12:17:09,544 [INFO] DbBoardsSqlite:226 - include board STEVAL-IDP005V2 as a kit item of type 'Evaluation Board'
2025-10-16 12:17:09,649 [INFO] ApiDb:240 - Found 371 in-development CPN: [B-G473E-ZEST1S, B-WB1M-WPAN1, B-WL5M-SUBG1, NUCLEO-C031C6, NUCLEO-H503RB, NUCLEO-H563ZI, NUCLEO-U545RE-Q, NUCLEO-U5A5ZJ-Q, NUCLEO-WBA52CG, NUCLEO-WBA55CG, STEVAL-MKBOXPRO, STEVAL-PROTEUS1, STEVAL-STWINBX1, STM320518-EVAL, STM32C0116-DK, STM32C011D6Y3TR, STM32C011D6Y6TR, STM32C011F4P3, STM32C011F4P6, STM32C011F4U3, STM32C011F4U6TR, STM32C011F6P3, STM32C011F6P6, STM32C011F6U3, STM32C011F6U6TR, STM32C011J4M3, STM32C011J4M6, STM32C011J6M3, STM32C011J6M6, STM32C0316-DK, STM32C031C4T3, STM32C031C4T6, STM32C031C4U3, STM32C031C4U6, STM32C031C6T3, STM32C031C6T6, STM32C031C6U3, STM32C031C6U6, STM32C031F4P3, STM32C031F4P6, STM32C031F6P3, STM32C031F6P6, STM32C031G4U3, STM32C031G4U6, STM32C031G6U3, STM32C031G6U6, STM32C031K4T3, STM32C031K4T6, STM32C031K4U3, STM32C031K4U6, STM32C031K6T3, STM32C031K6T6, STM32C031K6U3, STM32C031K6U6, STM32G071K8TXN, STM32G071K8UXN, STM32G081GBU6N, STM32G081KBT6N, STM32G081KBUXN, STM32G0B1CCT6N, STM32G0B1KCT6, STM32G0B1NEY6TR, STM32G0B1RCT6N, STM32G0C1CCT6, STM32G0C1CCT6N, STM32G0C1CCU6N, STM32G0C1CET6N, STM32G0C1CEU6N, STM32G0C1KCT6, STM32G0C1NEY6TR, STM32G0C1RCI6N, STM32G0C1RCT6N, STM32G0C1REI6N, STM32G0C1RET6N, STM32G0C1VCI6, STM32G0C1VEI6, STM32G471CCT6, STM32G471CCU6, STM32G471CET3, STM32G471CET6, STM32G471CEU3, STM32G471CEU6, STM32G471MCT6, STM32G471MET3, STM32G471MET6, STM32G471MEY6TR, STM32G471QCT6, STM32G471QET3, STM32G471RCT6, STM32G471RET3, STM32G471RET6, STM32G471VCH6, STM32G471VCI6, STM32G471VCT6, STM32G471VEH3, STM32G471VEH6, STM32G471VEI3, STM32G471VEI6, STM32G471VET3, STM32G471VET6, STM32G474CCT6, STM32H503CBT6, STM32H503CBU6, STM32H503EBY6TR, STM32H503KBU6, STM32H503RBT6, STM32H562AGI6, STM32H562AII6, STM32H562IGK6, STM32H562IGT6, STM32H562IIK6, STM32H562IIT6, STM32H562RGT6, STM32H562RGV6, STM32H562RIT6, STM32H562RIV6, STM32H562VGT6, STM32H562VIT6, STM32H562ZGT6, STM32H562ZIT6, STM32H563AGI6, STM32H563AII3Q, STM32H563AII6, STM32H563IGK6, STM32H563IGT6, STM32H563IIK3Q, STM32H563IIK6, STM32H563IIT3Q, STM32H563IIT6, STM32H563MIY3QTR, STM32H563RGT6, STM32H563RGV6, STM32H563RIT6, STM32H563RIV6, STM32H563VGT6, STM32H563VIT3Q, STM32H563VIT6, STM32H563ZGT6, STM32H563ZIT3Q, STM32H563ZIT6, STM32H573AII3Q, STM32H573AII6, STM32H573I-DK, STM32H573IIK3Q, STM32H573IIK6, STM32H573IIT3Q, STM32H573IIT6, STM32H573MIY3QTR, STM32H573RIT6, STM32H573RIV6, STM32H573VIT3Q, STM32H573VIT6, STM32H573ZIT3Q, STM32H573ZIT6, STM32L4R5QGI6STR, STM32MP131AAE3, STM32MP131AAF3, STM32MP131AAG3, STM32MP131CAE3, STM32MP131CAF3, STM32MP131CAG3, STM32MP131DAE7, STM32MP131DAF7, STM32MP131DAG7, STM32MP131FAE7, STM32MP131FAF7, STM32MP131FAG7, STM32MP133AAE3, STM32MP133AAF3, STM32MP133AAG3, STM32MP133CAE3, STM32MP133CAF3, STM32MP133CAG3, STM32MP133DAE7, STM32MP133DAF7, STM32MP133DAG7, STM32MP133FAE7, STM32MP133FAF7, STM32MP133FAG7, STM32MP135AAE3, STM32MP135AAF3, STM32MP135AAG3, STM32MP135CAE3, STM32MP135CAF3, STM32MP135CAG3, STM32MP135DAE7, STM32MP135DAF7, STM32MP135DAG7, STM32MP135F-DK, STM32MP135FAE7, STM32MP135FAF7, STM32MP135FAF7T, STM32MP135FAF7U, STM32MP135FAG7, STM32U535CBT6, STM32U535CBT6Q, STM32U535CBU6, STM32U535CBU6Q, STM32U535CCT6, STM32U535CCT6Q, STM32U535CCU6, STM32U535CCU6Q, STM32U535CET6, STM32U535CET6Q, STM32U535CEU6, STM32U535CEU6Q, STM32U535JEY6QTR, STM32U535NCY6QTR, STM32U535NEY6QTR, STM32U535RBI6, STM32U535RBI6Q, STM32U535RBT6, STM32U535RBT6Q, STM32U535RCI6, STM32U535RCI6Q, STM32U535RCT6, STM32U535RCT6Q, STM32U535REI6, STM32U535REI6Q, STM32U535RET6, STM32U535RET6Q, STM32U535VCI6, STM32U535VCI6Q, STM32U535VCT6, STM32U535VCT6Q, STM32U535VEI6, STM32U535VEI6Q, STM32U535VET6, STM32U535VET6Q, STM32U545CET6, STM32U545CET6Q, STM32U545CEU6, STM32U545CEU6Q, STM32U545JEY6QTR, STM32U545NEY6QTR, STM32U545REI6, STM32U545REI6Q, STM32U545RET6, STM32U545RET6Q, STM32U545VEI6, STM32U545VEI6Q, STM32U545VET6, STM32U545VET6Q, STM32U595AIH6, STM32U595AIH6Q, STM32U595AJH6, STM32U595AJH6Q, STM32U595QII6, STM32U595QII6Q, STM32U595QJI6, STM32U595QJI6Q, STM32U595RIT6, STM32U595RIT6Q, STM32U595RJT6, STM32U595RJT6Q, STM32U595VIT6, STM32U595VIT6Q, STM32U595VJT6, STM32U595VJT6Q, STM32U595ZIT6, STM32U595ZIT6Q, STM32U595ZIY6QTR, STM32U595ZJT6, STM32U595ZJT6Q, STM32U595ZJY6QTR, STM32U599BJY6QTR, STM32U599NIH6Q, STM32U599NJH6Q, STM32U599VIT6Q, STM32U599VJT6, STM32U599VJT6Q, STM32U599ZIT6Q, STM32U599ZIY6QTR, STM32U599ZJT6Q, STM32U599ZJY6QTR, STM32U5A5AJH6, STM32U5A5AJH6Q, STM32U5A5QJI6, STM32U5A5QJI6Q, STM32U5A5RJT6, STM32U5A5RJT6Q, STM32U5A5VJT6, STM32U5A5VJT6Q, STM32U5A5ZJT6, STM32U5A5ZJT6Q, STM32U5A5ZJY6QTR, STM32U5A9BJY6QTR, STM32U5A9J-DK, STM32U5A9NJH6Q, STM32U5A9VJT6Q, STM32U5A9ZJT6Q, STM32U5A9ZJY6QTR, STM32U5F7VIT6, STM32U5F7VIT6Q, STM32U5F7VJT6, STM32U5F7VJT6Q, STM32U5F9BJY6QTR, STM32U5F9NJH6Q, STM32U5F9VIT6Q, STM32U5F9VJT6Q, STM32U5F9ZIJ6QTR, STM32U5F9ZIT6Q, STM32U5F9ZJJ6QTR, STM32U5F9ZJT6Q, STM32U5G7VJT6, STM32U5G7VJT6Q, STM32U5G9BJY6QTR, STM32U5G9J-DK1, STM32U5G9J-DK2, STM32U5G9NJH6Q, STM32U5G9VJT6Q, STM32U5G9ZJJ6QTR, STM32U5G9ZJT6Q, STM32WB1MMCH6, STM32WBA50KEU6, STM32WBA50KEU6TR, STM32WBA50KGU6, STM32WBA50KGU6TR, STM32WBA52CEU6, STM32WBA52CEU6TR, STM32WBA52CEU7, STM32WBA52CEU7TR, STM32WBA52CGU6, STM32WBA52CGU6TR, STM32WBA52CGU6U, STM32WBA52CGU7, STM32WBA52CGU7TR, STM32WBA52KEU6, STM32WBA52KEU6TR, STM32WBA52KGU6, STM32WBA52KGU6TR, STM32WBA54CEU6, STM32WBA54CEU6TR, STM32WBA54CEU7, STM32WBA54CEU7TR, STM32WBA54CGU6, STM32WBA54CGU6TR, STM32WBA54CGU7, STM32WBA54CGU7TR, STM32WBA54KEU6, STM32WBA54KEU6TR, STM32WBA54KEU7, STM32WBA54KEU7TR, STM32WBA54KGU6, STM32WBA54KGU6TR, STM32WBA54KGU7, STM32WBA54KGU7TR, STM32WBA55CEU6, STM32WBA55CEU6TR, STM32WBA55CEU7, STM32WBA55CEU7TR, STM32WBA55CGU6, STM32WBA55CGU6TR, STM32WBA55CGU6U, STM32WBA55CGU7, STM32WBA55CGU7TR, STM32WBA55G-DK1, STM32WBA55HEF6, STM32WBA55HEF7, STM32WBA55HGF6, STM32WBA55HGF7, STM32WBA55UEI6, STM32WBA55UEI6TR, STM32WBA55UEI7, STM32WBA55UEI7TR, STM32WBA55UGI6, STM32WBA55UGI6TR, STM32WBA55UGI7, STM32WBA55UGI7TR, STM32WL5MOCH6, STM32WL5MOCH6TR]
2025-10-16 12:17:09,685 [INFO] BoardInfo:889 - No configuration file found for board B-WBA5M-WPAN
2025-10-16 12:17:09,686 [INFO] DbBoards:161 - Board is not supported: B-WBA5M-WPAN
2025-10-16 12:17:09,690 [INFO] BoardInfo:889 - No configuration file found for board NUCLEO-C051C8
2025-10-16 12:17:09,690 [INFO] DbBoards:161 - Board is not supported: NUCLEO-C051C8
2025-10-16 12:17:09,691 [INFO] BoardInfo:889 - No configuration file found for board NUCLEO-C071RB
2025-10-16 12:17:09,691 [INFO] DbBoards:161 - Board is not supported: NUCLEO-C071RB
2025-10-16 12:17:09,692 [INFO] BoardInfo:889 - No configuration file found for board NUCLEO-C092RC
2025-10-16 12:17:09,692 [INFO] DbBoards:161 - Board is not supported: NUCLEO-C092RC
2025-10-16 12:17:09,730 [INFO] BoardInfo:889 - No configuration file found for board NUCLEO-H533RE
2025-10-16 12:17:09,731 [INFO] DbBoards:161 - Board is not supported: NUCLEO-H533RE
2025-10-16 12:17:09,739 [INFO] BoardInfo:889 - No configuration file found for board NUCLEO-H7S3L8
2025-10-16 12:17:09,739 [INFO] DbBoards:161 - Board is not supported: NUCLEO-H7S3L8
2025-10-16 12:17:09,761 [INFO] BoardInfo:889 - No configuration file found for board NUCLEO-N657X0-Q
2025-10-16 12:17:09,762 [INFO] DbBoards:161 - Board is not supported: NUCLEO-N657X0-Q
2025-10-16 12:17:09,763 [INFO] BoardInfo:889 - No configuration file found for board NUCLEO-U031R8
2025-10-16 12:17:09,763 [INFO] DbBoards:161 - Board is not supported: NUCLEO-U031R8
2025-10-16 12:17:09,764 [INFO] BoardInfo:889 - No configuration file found for board NUCLEO-U083RC
2025-10-16 12:17:09,764 [INFO] DbBoards:161 - Board is not supported: NUCLEO-U083RC
2025-10-16 12:17:09,765 [INFO] BoardInfo:889 - No configuration file found for board NUCLEO-U385RG-Q
2025-10-16 12:17:09,765 [INFO] DbBoards:161 - Board is not supported: NUCLEO-U385RG-Q
2025-10-16 12:17:09,770 [INFO] BoardInfo:889 - No configuration file found for board NUCLEO-WB05KZ
2025-10-16 12:17:09,770 [INFO] DbBoards:161 - Board is not supported: NUCLEO-WB05KZ
2025-10-16 12:17:09,771 [INFO] BoardInfo:889 - No configuration file found for board NUCLEO-WB07CC
2025-10-16 12:17:09,771 [INFO] DbBoards:161 - Board is not supported: NUCLEO-WB07CC
2025-10-16 12:17:09,772 [INFO] BoardInfo:889 - No configuration file found for board NUCLEO-WB09KE
2025-10-16 12:17:09,773 [INFO] DbBoards:161 - Board is not supported: NUCLEO-WB09KE
2025-10-16 12:17:09,778 [INFO] BoardInfo:889 - No configuration file found for board NUCLEO-WBA65RI
2025-10-16 12:17:09,778 [INFO] DbBoards:161 - Board is not supported: NUCLEO-WBA65RI
2025-10-16 12:17:09,779 [INFO] BoardInfo:889 - No configuration file found for board NUCLEO-WL33CC1
2025-10-16 12:17:09,780 [INFO] DbBoards:161 - Board is not supported: NUCLEO-WL33CC1
2025-10-16 12:17:09,781 [INFO] BoardInfo:889 - No configuration file found for board NUCLEO-WL33CC2
2025-10-16 12:17:09,781 [INFO] DbBoards:161 - Board is not supported: NUCLEO-WL33CC2
2025-10-16 12:17:09,786 [INFO] BoardInfo:889 - No configuration file found for board P-NUCLEO-WB55
2025-10-16 12:17:09,786 [INFO] DbBoards:161 - Kit is not supported: P-NUCLEO-WB55
2025-10-16 12:17:09,791 [INFO] BoardInfo:889 - No configuration file found for board STEVAL-BFA001V1B
2025-10-16 12:17:09,791 [INFO] DbBoards:161 - Kit is not supported: STEVAL-BFA001V1B
2025-10-16 12:17:09,793 [INFO] BoardInfo:889 - No configuration file found for board STEVAL-BFA001V2B
2025-10-16 12:17:09,793 [INFO] DbBoards:161 - Kit is not supported: STEVAL-BFA001V2B
2025-10-16 12:17:09,867 [INFO] BoardInfo:889 - No configuration file found for board STM32H7S78-DK
2025-10-16 12:17:09,868 [INFO] DbBoards:161 - Board is not supported: STM32H7S78-DK
2025-10-16 12:17:09,887 [INFO] BoardInfo:889 - No configuration file found for board STM32MP257F-DK
2025-10-16 12:17:09,887 [INFO] DbBoards:161 - Board is not supported: STM32MP257F-DK
2025-10-16 12:17:09,888 [INFO] BoardInfo:889 - No configuration file found for board STM32MP257F-EV1
2025-10-16 12:17:09,888 [INFO] DbBoards:161 - Board is not supported: STM32MP257F-EV1
2025-10-16 12:17:09,889 [INFO] BoardInfo:889 - No configuration file found for board STM32N6570-DK
2025-10-16 12:17:09,889 [INFO] DbBoards:161 - Board is not supported: STM32N6570-DK
2025-10-16 12:17:09,890 [INFO] BoardInfo:889 - No configuration file found for board STM32U083C-DK
2025-10-16 12:17:09,890 [INFO] DbBoards:161 - Board is not supported: STM32U083C-DK
2025-10-16 12:17:09,897 [INFO] BoardInfo:889 - No configuration file found for board STM32WBA65I-DK1
2025-10-16 12:17:09,897 [INFO] DbBoards:161 - Board is not supported: STM32WBA65I-DK1
2025-10-16 12:17:09,897 [INFO] DbBoards:168 - Found 211 boards, 186 are supported
2025-10-16 12:17:09,897 [INFO] DbBoards:169 - Found 211 boards, 3 of them is supported for  Bsp
2025-10-16 12:17:09,902 [INFO] ApiDb:423 - Load user favorites file C:\Users\duyss/.stm32cubeide/favorites.boards.txt: 0 item(s)
2025-10-16 12:17:09,902 [INFO] ApiDb:427 - User favorites Boards=[]
2025-10-16 12:17:09,903 [INFO] DbBoards:198 - Set 0 / 0 favorites Boards
2025-10-16 12:17:09,906 [INFO] ApiDb:668 - CubeFinder database Data Model version=2.1
2025-10-16 12:17:09,906 [INFO] ApiDb:669 - CubeFinder database Configuration version=3.0.39
2025-10-16 12:17:09,906 [INFO] ApiDb:670 - CubeFinder database generation date=2025-08-25 (1756130511)
2025-10-16 12:17:09,906 [INFO] ApiDb:671 - CubeFinder database FW Pack versions=[FP-ATR-ASTRA1_V2.0.0, FP-SNS-FLIGHT1_V5.1.0, FP-SNS-MOTENV1_V5.0.0, FP-SNS-MOTENVWB1_V1.4.0, FP-SNS-SMARTAG2_V1.2.0, FP-SNS-STBOX1_V2.1.0, STM32Cube_FW_C0_V1.4.0, STM32Cube_FW_F4_V1.28.3, STM32Cube_FW_F7_V1.17.4, STM32Cube_FW_G0_V1.6.2, STM32Cube_FW_G4_V1.6.1, STM32Cube_FW_H5_V1.5.0, STM32Cube_FW_H7RS_V1.2.0, STM32Cube_FW_H7_V1.12.1, STM32Cube_FW_L0_V1.12.2, STM32Cube_FW_L4_V1.18.1, STM32Cube_FW_L5_V1.5.1, STM32Cube_FW_N6_V1.2.0, STM32Cube_FW_U0_V1.3.0, STM32Cube_FW_U3_V1.2.0, STM32Cube_FW_U5_V1.8.0, STM32Cube_FW_WB0_V1.3.0, STM32Cube_FW_WBA_V1.7.0, STM32Cube_FW_WB_V1.23.0, STM32Cube_FW_WL3_V1.2.0, STM32Cube_FW_WL_V1.3.1, X-CUBE-ALGOBUILD_V1.4.0, X-CUBE-ALS_V1.0.2, X-CUBE-AZRTOS-F4_V1.1.0, X-CUBE-AZRTOS-F7_V1.1.0, X-CUBE-AZRTOS-G0_V1.1.0, X-CUBE-AZRTOS-G4_V2.0.0, X-CUBE-AZRTOS-H7RS_V1.1.0, X-CUBE-AZRTOS-H7_V3.4.0, X-CUBE-AZRTOS-L4_V2.0.0, X-CUBE-AZRTOS-L5_V2.0.0, X-CUBE-AZRTOS-WB_V2.0.0, X-CUBE-AZRTOS-WL_V2.0.0, X-CUBE-BLE1_V7.1.0, X-CUBE-BLE2_V3.3.0, X-CUBE-BLEMGR_V4.1.0, X-CUBE-EEPRMA1_V5.2.0, X-CUBE-FREERTOS_V1.3.1, X-CUBE-GNSS1_V6.0.0, X-CUBE-MEMS1_V11.3.0, X-CUBE-NFC4_V3.0.0, X-CUBE-NFC7_V2.0.0, X-CUBE-SFXS2LP1_V4.0.0, X-CUBE-ST67W61_V1.0.0, X-CUBE-SUBG2_V5.0.0, X-CUBE-TOF1_V3.4.3]
2025-10-16 12:17:10,849 [ERROR] DbExamplesSqlite:437 - Missing JSON key: board_cpn
2025-10-16 12:17:10,850 [ERROR] DbExamplesSqlite:437 - Missing JSON key: board_cpn
2025-10-16 12:17:10,850 [ERROR] DbExamplesSqlite:437 - Missing JSON key: board_cpn
2025-10-16 12:17:10,850 [ERROR] DbExamplesSqlite:437 - Missing JSON key: board_cpn
2025-10-16 12:17:11,233 [ERROR] DbExamplesSqlite:437 - Missing JSON key: board_cpn
2025-10-16 12:17:11,233 [ERROR] DbExamplesSqlite:437 - Missing JSON key: board_cpn
2025-10-16 12:17:11,237 [INFO] DbExamplesSqlite:395 - Ignored 33 examples not supported by CubeIDE
2025-10-16 12:17:11,237 [INFO] DbExamplesSqlite:396 - Found 10871 examples active
2025-10-16 12:17:11,237 [INFO] DbExamplesSqlite:397 - Found 0 examples obsolete
2025-10-16 12:17:11,238 [INFO] DbExamplesSqlite:398 - Found 0 examples under development
2025-10-16 12:17:11,238 [INFO] DbExamplesSqlite:399 - Found 65 examples not building
2025-10-16 12:17:11,243 [INFO] DbExamples:125 - Found 10903 examples
2025-10-16 12:17:11,269 [INFO] DbExamples:222 - Found 134 boards with related examples
2025-10-16 12:17:11,271 [INFO] DbExamples:235 - Found 111 MCUs with related examples
2025-10-16 12:17:11,303 [INFO] ApiDb:423 - Load user favorites file C:\Users\duyss/.stm32cubeide/favorites.examples.txt: 0 item(s)
2025-10-16 12:17:11,303 [INFO] ApiDb:427 - User favorites Examples=[]
2025-10-16 12:17:11,303 [INFO] DbExamples:250 - Set 0 / 0 favorites Examples
2025-10-16 12:17:12,566 [INFO] McuFinderGlobals:76 - Set McuFinderConnectedMode to true
2025-10-16 12:17:12,598 [INFO] MultiScanPanel:200 - Auto-refresh data requested => check proxy status ongoing
2025-10-16 12:17:12,603 [INFO] FinderPluginLoader:95 - Searching for filters in installed packs
2025-10-16 12:17:15,121 [INFO] LoadUrlFilesThread:185 - End of LoadServerUrlFiles without Thread
2025-10-16 12:17:15,153 [INFO] DetailPanel:341 - Set advertising image to C:/Users/duyss/STM32Cube/Repository/\en.mcu-finder-stm32n6dk.jpg
2025-10-16 12:17:15,315 [ERROR] LogOutputStream:75 - [STDERR_REDIRECT] SLF4J: Failed to load class "org.slf4j.impl.StaticLoggerBinder".
2025-10-16 12:17:15,316 [ERROR] LogOutputStream:75 - [STDERR_REDIRECT] SLF4J: Defaulting to no-operation (NOP) logger implementation
2025-10-16 12:17:15,319 [ERROR] LogOutputStream:75 - [STDERR_REDIRECT] SLF4J: See http://www.slf4j.org/codes.html#StaticLoggerBinder for further details.
2025-10-16 12:18:11,866 [INFO] MainUpdater:2873 - connection check result : 10
2025-10-16 12:18:11,866 [INFO] MainUpdater:2873 - connection check result : 10
2025-10-16 12:18:11,893 [INFO] MicroXplorer:468 - Change Database Path : 
2025-10-16 12:18:11,893 [INFO] MicroXplorer:498 - Change Database Version : DB.6.0.100
2025-10-16 12:18:11,899 [WARN] ThirdParty:871 - waiting for thirdparty lock release [close project]
2025-10-16 12:18:11,899 [INFO] ThirdParty:873 - entering critical section [close project]
2025-10-16 12:18:11,900 [INFO] ThirdParty:883 - exiting critical section [close project]
2025-10-16 12:18:11,902 [INFO] PinOutPanel:1499 - setPackage(No Configuration,No Configuration)
2025-10-16 12:18:11,908 [INFO] UtilMem:75 - Begin LoadConfig() Used Memory: 499849920 Bytes (722468864)
2025-10-16 12:18:11,909 [INFO] MicroXplorer:468 - Change Database Path : 
2025-10-16 12:18:11,909 [INFO] MicroXplorer:498 - Change Database Version : DB.6.0.100
2025-10-16 12:18:11,909 [INFO] OpenFileManager:312 - Change cursor
2025-10-16 12:18:11,940 [INFO] Mcu:2016 - Initializing MCU STM32F103C6Ux STM32F103C6Ux STM32F103C6U6A
2025-10-16 12:18:13,200 [INFO] Context:659 - Trying to add GPIOservice into a context  which must be forbidden
2025-10-16 12:18:13,623 [INFO] ImportTextPane:194 - (OptionalMessage_ERROR) Unable to find key (Mcu.ThirdPartyNb) in loaded IOC file
2025-10-16 12:18:13,623 [INFO] ImportTextPane:194 - (OptionalMessage_ERROR) Unable to find key (Mcu.PinsNb) in loaded IOC file
2025-10-16 12:18:13,623 [INFO] ImportTextPane:194 - (OptionalMessage_ERROR) Unable to find key (Mcu.IPNb) in loaded IOC file
2025-10-16 12:18:13,875 [INFO] RtosManager:555 - Registered RTOS mode: class=CMSIS, group=RTOS, mode=CMSIS_V1, owner=FREERTOS
2025-10-16 12:18:13,875 [INFO] RtosManager:555 - Registered RTOS mode: class=CMSIS, group=RTOS2, mode=CMSIS_V2, owner=FREERTOS
2025-10-16 12:18:13,876 [INFO] RtosManager:555 - Registered RTOS mode: class=RTOS, group=Core, mode=CMSIS_V1, owner=FREERTOS
2025-10-16 12:18:13,876 [INFO] RtosManager:555 - Registered RTOS mode: class=RTOS, group=Core, mode=CMSIS_V2, owner=FREERTOS
2025-10-16 12:18:13,877 [WARN] ModelIntegratedComponent:184 - Missing modes for component STMicroelectronics:FreeRTOS:0.0.1:STMicroelectronics:RTOS:FreeRTOS:Core:::10.2.0:
2025-10-16 12:18:13,889 [WARN] ModelIntegratedComponent:63 - No mode defined for component null
2025-10-16 12:18:13,889 [WARN] ModelIntegratedComponent:63 - No mode defined for component null
2025-10-16 12:18:13,889 [WARN] ModelIntegratedComponent:63 - No mode defined for component null
2025-10-16 12:18:13,889 [WARN] ModelIntegratedComponent:63 - No mode defined for component null
2025-10-16 12:18:13,889 [WARN] ModelIntegratedComponent:63 - No mode defined for component null
2025-10-16 12:18:13,889 [WARN] ModelIntegratedComponent:63 - No mode defined for component null
2025-10-16 12:18:13,889 [WARN] ModelIntegratedComponent:63 - No mode defined for component null
2025-10-16 12:18:13,889 [WARN] ModelIntegratedComponent:63 - No mode defined for component null
2025-10-16 12:18:13,889 [WARN] ModelIntegratedComponent:63 - No mode defined for component null
2025-10-16 12:18:13,889 [WARN] ModelIntegratedComponent:63 - No mode defined for component null
2025-10-16 12:18:13,889 [WARN] ModelIntegratedComponent:63 - No mode defined for component null
2025-10-16 12:18:13,889 [WARN] ModelIntegratedComponent:63 - No mode defined for component null
2025-10-16 12:18:13,889 [WARN] ModelIntegratedComponent:63 - No mode defined for component null
2025-10-16 12:18:13,889 [WARN] ModelIntegratedComponent:63 - No mode defined for component null
2025-10-16 12:18:13,890 [WARN] ModelIntegratedComponent:63 - No mode defined for component null
2025-10-16 12:18:13,890 [WARN] ModelIntegratedComponent:63 - No mode defined for component null
2025-10-16 12:18:13,890 [WARN] ModelIntegratedComponent:63 - No mode defined for component null
2025-10-16 12:18:13,890 [WARN] ModelIntegratedComponent:63 - No mode defined for component null
2025-10-16 12:18:13,890 [WARN] ModelIntegratedComponent:63 - No mode defined for component null
2025-10-16 12:18:13,890 [WARN] ModelIntegratedComponent:63 - No mode defined for component null
2025-10-16 12:18:13,890 [WARN] ModelIntegratedComponent:63 - No mode defined for component null
2025-10-16 12:18:13,890 [WARN] ModelIntegratedComponent:63 - No mode defined for component null
2025-10-16 12:18:13,890 [WARN] ModelIntegratedComponent:63 - No mode defined for component null
2025-10-16 12:18:13,890 [WARN] ModelIntegratedComponent:63 - No mode defined for component null
2025-10-16 12:18:13,890 [WARN] ModelIntegratedComponent:63 - No mode defined for component null
2025-10-16 12:18:13,890 [WARN] ModelIntegratedComponent:63 - No mode defined for component null
2025-10-16 12:18:13,890 [WARN] ModelIntegratedComponent:63 - No mode defined for component null
2025-10-16 12:18:13,890 [WARN] ModelIntegratedComponent:63 - No mode defined for component null
2025-10-16 12:18:13,890 [WARN] ModelIntegratedComponent:63 - No mode defined for component null
2025-10-16 12:18:13,890 [WARN] ModelIntegratedComponent:63 - No mode defined for component null
2025-10-16 12:18:13,890 [WARN] ModelIntegratedComponent:63 - No mode defined for component null
2025-10-16 12:18:13,890 [WARN] ModelIntegratedComponent:63 - No mode defined for component null
2025-10-16 12:18:13,890 [WARN] ModelIntegratedComponent:63 - No mode defined for component null
2025-10-16 12:18:14,212 [INFO] ThirdPartyModel:298 - Start build external matchings
2025-10-16 12:18:17,090 [INFO] ThirdPartyModel:316 - End build external matchings
2025-10-16 12:18:17,376 [INFO] UtilMem:75 - End LoadConfig() Used Memory: 749736056 Bytes (1073741824)
2025-10-16 12:18:17,427 [INFO] MicroXplorer:468 - Change Database Path : 
2025-10-16 12:18:17,427 [INFO] MicroXplorer:498 - Change Database Version : DB.6.0.100
2025-10-16 12:18:17,428 [WARN] ThirdParty:833 - waiting for thirdparty lock release [change project]
2025-10-16 12:18:17,428 [INFO] ThirdParty:835 - entering critical section [change project]
2025-10-16 12:18:17,428 [INFO] ThirdParty:1030 - CMSIS Pack Vendor :STMicroelectronics X-CUBE-PM33A1 1.0.0
2025-10-16 12:18:17,428 [INFO] ThirdParty:1030 - CMSIS Pack Vendor :STMicroelectronics USBPD 4.1
2025-10-16 12:18:17,428 [INFO] ThirdParty:1030 - CMSIS Pack Vendor :STMicroelectronics X-CUBE-GNSS1 6.0.0
2025-10-16 12:18:17,429 [INFO] ThirdParty:1030 - CMSIS Pack Vendor :STMicroelectronics USB_HOST 2.0.0
2025-10-16 12:18:17,429 [INFO] ThirdParty:1030 - CMSIS Pack Vendor :STMicroelectronics FP-SNS-MOTENVWB1 1.4.0
2025-10-16 12:18:17,429 [INFO] ThirdParty:1030 - CMSIS Pack Vendor :STMicroelectronics X-CUBE-AZRTOS-F4 1.1.0
2025-10-16 12:18:17,429 [INFO] ThirdParty:1030 - CMSIS Pack Vendor :STMicroelectronics LIBJPEG 8.0.0
2025-10-16 12:18:17,429 [INFO] ThirdParty:1030 - CMSIS Pack Vendor :STMicroelectronics FP-ATR-ASTRA1 2.0.2
2025-10-16 12:18:17,429 [INFO] ThirdParty:1030 - CMSIS Pack Vendor :STMicroelectronics FP-ATR-ASTRA1 2.0.1
2025-10-16 12:18:17,429 [INFO] ThirdParty:1030 - CMSIS Pack Vendor :STMicroelectronics X-CUBE-SMBUS 2.1.0
2025-10-16 12:18:17,429 [INFO] ThirdParty:1030 - CMSIS Pack Vendor :STMicroelectronics X-CUBE-WB05N 1.1.0
2025-10-16 12:18:17,429 [INFO] ThirdParty:1030 - CMSIS Pack Vendor :STMicroelectronics X-CUBE-ISPU 2.1.0
2025-10-16 12:18:17,429 [INFO] ThirdParty:1030 - CMSIS Pack Vendor :STMicroelectronics X-CUBE-FREERTOS 1.2.0
2025-10-16 12:18:17,429 [INFO] ThirdParty:1030 - CMSIS Pack Vendor :wolfSSL I-CUBE-wolfSSL 5.6.6
2025-10-16 12:18:17,429 [INFO] ThirdParty:1030 - CMSIS Pack Vendor :STMicroelectronics X-CUBE-TOUCHGFX 4.23.0
2025-10-16 12:18:17,429 [INFO] ThirdParty:1030 - CMSIS Pack Vendor :STMicroelectronics X-CUBE-NFC12 1.0.0
2025-10-16 12:18:17,429 [INFO] ThirdParty:1030 - CMSIS Pack Vendor :STMicroelectronics X-CUBE-TOUCHGFX 4.23.2
2025-10-16 12:18:17,429 [INFO] ThirdParty:1030 - CMSIS Pack Vendor :STMicroelectronics X-CUBE-AZRTOS-F7 1.1.0
2025-10-16 12:18:17,429 [INFO] ThirdParty:1030 - CMSIS Pack Vendor :STMicroelectronics X-CUBE-AZRTOS-L5 2.0.0
2025-10-16 12:18:17,430 [INFO] ThirdParty:1030 - CMSIS Pack Vendor :STMicroelectronics USB_DEVICE 2.0.0
2025-10-16 12:18:17,430 [INFO] ThirdParty:1030 - CMSIS Pack Vendor :STMicroelectronics X-CUBE-NFC6 3.1.0
2025-10-16 12:18:17,430 [INFO] ThirdParty:1030 - CMSIS Pack Vendor :ITTIA_DB I-CUBE-ITTIADB 8.8.0
2025-10-16 12:18:17,430 [INFO] ThirdParty:1030 - CMSIS Pack Vendor :STMicroelectronics FP-SNS-MOTENV1 4.3.2
2025-10-16 12:18:17,430 [INFO] ThirdParty:1030 - CMSIS Pack Vendor :STMicroelectronics X-CUBE-MEMS1 11.0.0
2025-10-16 12:18:17,430 [INFO] ThirdParty:1030 - CMSIS Pack Vendor :STMicroelectronics FreeRTOS 0.0.1
2025-10-16 12:18:17,430 [INFO] ThirdParty:1030 - CMSIS Pack Vendor :STMicroelectronics X-CUBE-DPower 1.2.0
2025-10-16 12:18:17,430 [INFO] ThirdParty:1030 - CMSIS Pack Vendor :STMicroelectronics FP-SNS-FLIGHT1 5.0.2
2025-10-16 12:18:17,431 [INFO] ThirdParty:1030 - CMSIS Pack Vendor :STMicroelectronics X-CUBE-AI 9.0.0
2025-10-16 12:18:17,431 [INFO] ThirdParty:1030 - CMSIS Pack Vendor :STMicroelectronics PDM2PCM 3.3.0
2025-10-16 12:18:17,432 [INFO] ThirdParty:1030 - CMSIS Pack Vendor :STMicroelectronics X-CUBE-AZRTOS-H7 3.4.0
2025-10-16 12:18:17,432 [INFO] ThirdParty:1030 - CMSIS Pack Vendor :STMicroelectronics X-CUBE-DISPLAY 3.0.0
2025-10-16 12:18:17,432 [INFO] ThirdParty:1030 - CMSIS Pack Vendor :STMicroelectronics X-CUBE-BLE1 7.0.0
2025-10-16 12:18:17,432 [INFO] ThirdParty:1030 - CMSIS Pack Vendor :STMicroelectronics X-CUBE-NFC10 1.0.0
2025-10-16 12:18:17,432 [INFO] ThirdParty:1030 - CMSIS Pack Vendor :STMicroelectronics X-CUBE-BLEMGR 4.0.0
2025-10-16 12:18:17,433 [INFO] ThirdParty:1030 - CMSIS Pack Vendor :STMicroelectronics X-CUBE-FREERTOS 1.3.1
2025-10-16 12:18:17,434 [INFO] ThirdParty:1030 - CMSIS Pack Vendor :STMicroelectronics HAL Drivers 0.0.0
2025-10-16 12:18:17,434 [INFO] ThirdParty:1030 - CMSIS Pack Vendor :emotas I-CUBE-CANOPEN 1.3.0
2025-10-16 12:18:17,434 [INFO] ThirdParty:1030 - CMSIS Pack Vendor :STMicroelectronics X-CUBE-FREERTOS 1.3.0
2025-10-16 12:18:17,434 [INFO] ThirdParty:1030 - CMSIS Pack Vendor :STMicroelectronics X-CUBE-NFC7 1.0.1
2025-10-16 12:18:17,434 [INFO] ThirdParty:1030 - CMSIS Pack Vendor :STMicroelectronics MBEDTLS 2.14.1
2025-10-16 12:18:17,434 [INFO] ThirdParty:1030 - CMSIS Pack Vendor :STMicroelectronics X-CUBE-TOUCHGFX 4.26.0
2025-10-16 12:18:17,434 [INFO] ThirdParty:1030 - CMSIS Pack Vendor :STMicroelectronics X-CUBE-NFC6 3.0.0
2025-10-16 12:18:17,434 [INFO] ThirdParty:1030 - CMSIS Pack Vendor :STMicroelectronics X-CUBE-BLEMGR 3.1.0
2025-10-16 12:18:17,434 [INFO] ThirdParty:1030 - CMSIS Pack Vendor :STMicroelectronics X-CUBE-AI 10.0.0
2025-10-16 12:18:17,434 [INFO] ThirdParty:1030 - CMSIS Pack Vendor :STMicroelectronics FP-SNS-SMARTAG2 1.2.0
2025-10-16 12:18:17,434 [INFO] ThirdParty:1030 - CMSIS Pack Vendor :STMicroelectronics X-CUBE-MEMS1 11.1.0
2025-10-16 12:18:17,434 [INFO] ThirdParty:1030 - CMSIS Pack Vendor :STMicroelectronics X-CUBE-AZRTOS-WL 2.0.0
2025-10-16 12:18:17,434 [INFO] ThirdParty:1030 - CMSIS Pack Vendor :STMicroelectronics X-CUBE-DPower 1.3.0
2025-10-16 12:18:17,434 [INFO] ThirdParty:1030 - CMSIS Pack Vendor :STMicroelectronics FP-SNS-MOTENV1 5.0.0
2025-10-16 12:18:17,435 [INFO] ThirdParty:1030 - CMSIS Pack Vendor :STMicroelectronics USB_DEVICE 1.0.0
2025-10-16 12:18:17,435 [INFO] ThirdParty:1030 - CMSIS Pack Vendor :STMicroelectronics X-CUBE-AI 8.1.0
2025-10-16 12:18:17,435 [INFO] ThirdParty:1030 - CMSIS Pack Vendor :wolfSSL I-CUBE-wolfMQTT 1.19.0
2025-10-16 12:18:17,435 [INFO] ThirdParty:1030 - CMSIS Pack Vendor :STMicroelectronics X-CUBE-AZRTOS-L4 2.0.0
2025-10-16 12:18:17,436 [INFO] ThirdParty:1030 - CMSIS Pack Vendor :STMicroelectronics ThreadX 0.0.2
2025-10-16 12:18:17,437 [INFO] ThirdParty:1030 - CMSIS Pack Vendor :WES I-CUBE-Cesium 1.3.0
2025-10-16 12:18:17,437 [INFO] ThirdParty:1030 - CMSIS Pack Vendor :STMicroelectronics lwIP 2.1.2
2025-10-16 12:18:17,437 [INFO] ThirdParty:1030 - CMSIS Pack Vendor :STMicroelectronics X-CUBE-SFXS2LP1 4.0.0
2025-10-16 12:18:17,437 [INFO] ThirdParty:1030 - CMSIS Pack Vendor :STMicroelectronics X-CUBE-BLE2 3.3.0
2025-10-16 12:18:17,437 [INFO] ThirdParty:1030 - CMSIS Pack Vendor :STMicroelectronics PDM2PCM 3.2.0
2025-10-16 12:18:17,437 [INFO] ThirdParty:1030 - CMSIS Pack Vendor :STMicroelectronics X-CUBE-AZRTOS-H7 3.3.0
2025-10-16 12:18:17,437 [INFO] ThirdParty:1030 - CMSIS Pack Vendor :STMicroelectronics X-CUBE-NFC9 1.0.0
2025-10-16 12:18:17,437 [INFO] ThirdParty:1030 - CMSIS Pack Vendor :STMicroelectronics X-CUBE-BLE1 7.1.0
2025-10-16 12:18:17,437 [INFO] ThirdParty:1030 - CMSIS Pack Vendor :STMicroelectronics USB_DEVICE 3.0.0
2025-10-16 12:18:17,437 [INFO] ThirdParty:1030 - CMSIS Pack Vendor :STMicroelectronics X-CUBE-TCPP 4.1.0
2025-10-16 12:18:17,437 [INFO] ThirdParty:1030 - CMSIS Pack Vendor :STMicroelectronics X-CUBE-EEPRMA1 5.2.0
2025-10-16 12:18:17,437 [INFO] ThirdParty:1030 - CMSIS Pack Vendor :STMicroelectronics X-CUBE-IPS 3.0.0
2025-10-16 12:18:17,437 [INFO] ThirdParty:1030 - CMSIS Pack Vendor :STMicroelectronics X-CUBE-AZRTOS-WB 2.0.0
2025-10-16 12:18:17,437 [INFO] ThirdParty:1030 - CMSIS Pack Vendor :STMicroelectronics X-CUBE-GNSS1 7.0.0
2025-10-16 12:18:17,438 [INFO] ThirdParty:1030 - CMSIS Pack Vendor :STMicroelectronics X-CUBE-GNSS1 7.0.1
2025-10-16 12:18:17,438 [INFO] ThirdParty:1030 - CMSIS Pack Vendor :STMicroelectronics X-CUBE-TOUCHGFX 4.25.0
2025-10-16 12:18:17,438 [INFO] ThirdParty:1030 - CMSIS Pack Vendor :STMicroelectronics FP-SNS-STBOX1 2.0.0
2025-10-16 12:18:17,438 [INFO] ThirdParty:1030 - CMSIS Pack Vendor :STMicroelectronics X-CUBE-ALGOBUILD 1.3.0
2025-10-16 12:18:17,438 [INFO] ThirdParty:1030 - CMSIS Pack Vendor :STMicroelectronics X-CUBE-AZRTOS-G0 1.1.0
2025-10-16 12:18:17,438 [INFO] ThirdParty:1030 - CMSIS Pack Vendor :STMicroelectronics X-CUBE-SAFEA1 1.2.2
2025-10-16 12:18:17,438 [INFO] ThirdParty:1030 - CMSIS Pack Vendor :STMicroelectronics X-CUBE-NFC4 3.0.0
2025-10-16 12:18:17,438 [INFO] ThirdParty:1030 - CMSIS Pack Vendor :STMicroelectronics X-CUBE-SUBG2 5.0.0
2025-10-16 12:18:17,438 [INFO] ThirdParty:1030 - CMSIS Pack Vendor :STMicroelectronics X-CUBE-AZRTOS-H7RS 1.1.0
2025-10-16 12:18:17,438 [INFO] ThirdParty:1030 - CMSIS Pack Vendor :STMicroelectronics STM32_WPAN 1.0.0
2025-10-16 12:18:17,438 [INFO] ThirdParty:1030 - CMSIS Pack Vendor :EmbeddedOffice I-CUBE-FS-RTOS 1.0.1
2025-10-16 12:18:17,438 [INFO] ThirdParty:1030 - CMSIS Pack Vendor :STMicroelectronics lwIP 2.0.3
2025-10-16 12:18:17,438 [INFO] ThirdParty:1030 - CMSIS Pack Vendor :Cesanta I-CUBE-Mongoose 7.13.0
2025-10-16 12:18:17,438 [INFO] ThirdParty:1030 - CMSIS Pack Vendor :STMicroelectronics USB_HOST 1.0.0
2025-10-16 12:18:17,438 [INFO] ThirdParty:1030 - CMSIS Pack Vendor :STMicroelectronics X-CUBE-AZRTOS-G4 2.0.0
2025-10-16 12:18:17,438 [INFO] ThirdParty:1030 - CMSIS Pack Vendor :STMicroelectronics X-CUBE-WB05N 2.0.0
2025-10-16 12:18:17,438 [INFO] ThirdParty:1030 - CMSIS Pack Vendor :STMicroelectronics PDM2PCM 3.1.0
2025-10-16 12:18:17,438 [INFO] ThirdParty:1030 - CMSIS Pack Vendor :Infineon AIROC-Wi-Fi-Bluetooth-STM32 1.5.1
2025-10-16 12:18:17,439 [INFO] ThirdParty:1030 - CMSIS Pack Vendor :STMicroelectronics X-CUBE-BLEMGR 3.0.0
2025-10-16 12:18:17,439 [INFO] ThirdParty:1030 - CMSIS Pack Vendor :STMicroelectronics X-CUBE-NFC7 2.0.0
2025-10-16 12:18:17,439 [INFO] ThirdParty:1030 - CMSIS Pack Vendor :RealThread X-CUBE-RT-Thread_Nano 4.1.1
2025-10-16 12:18:17,439 [INFO] ThirdParty:1030 - CMSIS Pack Vendor :STMicroelectronics FP-SNS-MOTENVWB1 1.3.1
2025-10-16 12:18:17,439 [INFO] ThirdParty:1030 - CMSIS Pack Vendor :STMicroelectronics FP-ATR-SIGFOX1 3.2.0
2025-10-16 12:18:17,439 [INFO] ThirdParty:1030 - CMSIS Pack Vendor :quantropi X-CUBE-qispace-sdk-base 1.9.3
2025-10-16 12:18:17,439 [INFO] ThirdParty:1030 - CMSIS Pack Vendor :STMicroelectronics X-CUBE-ISPU 2.0.0
2025-10-16 12:18:17,439 [INFO] ThirdParty:1030 - CMSIS Pack Vendor :STMicroelectronics X-CUBE-EEPRMA1 5.1.0
2025-10-16 12:18:17,439 [INFO] ThirdParty:1030 - CMSIS Pack Vendor :STMicroelectronics MBEDTLS 2.16.2
2025-10-16 12:18:17,439 [INFO] ThirdParty:1030 - CMSIS Pack Vendor :STMicroelectronics X-CUBE-ALS 1.0.2
2025-10-16 12:18:17,439 [INFO] ThirdParty:1030 - CMSIS Pack Vendor :STMicroelectronics X-CUBE-MEMS1 10.0.0
2025-10-16 12:18:17,440 [INFO] ThirdParty:1030 - CMSIS Pack Vendor :STMicroelectronics X-CUBE-FREERTOS 1.1.0
2025-10-16 12:18:17,440 [INFO] ThirdParty:1030 - CMSIS Pack Vendor :STMicroelectronics X-CUBE-TOUCHGFX 4.24.2
2025-10-16 12:18:17,440 [INFO] ThirdParty:1030 - CMSIS Pack Vendor :STMicroelectronics X-CUBE-TOUCHGFX 4.24.1
2025-10-16 12:18:17,440 [INFO] ThirdParty:1030 - CMSIS Pack Vendor :STMicroelectronics X-CUBE-STSE01 1.0.0
2025-10-16 12:18:17,440 [INFO] ThirdParty:1030 - CMSIS Pack Vendor :wolfSSL I-CUBE-wolfTPM 3.4.0
2025-10-16 12:18:17,440 [INFO] ThirdParty:1030 - CMSIS Pack Vendor :portGmbH I-Cube-SoM-uGOAL 1.1.0
2025-10-16 12:18:17,440 [INFO] ThirdParty:1030 - CMSIS Pack Vendor :STMicroelectronics X-CUBE-ALS 1.0.1
2025-10-16 12:18:17,440 [INFO] ThirdParty:1030 - CMSIS Pack Vendor :STMicroelectronics X-CUBE-AI 10.2.0
2025-10-16 12:18:17,440 [INFO] ThirdParty:1030 - CMSIS Pack Vendor :STMicroelectronics ThreadX 1.0.0
2025-10-16 12:18:17,440 [INFO] ThirdParty:1030 - CMSIS Pack Vendor :SEGGER I-CUBE-embOS 1.3.1
2025-10-16 12:18:17,440 [INFO] ThirdParty:1030 - CMSIS Pack Vendor :STMicroelectronics X-CUBE-ALGOBUILD 1.4.0
2025-10-16 12:18:17,440 [INFO] ThirdParty:1030 - CMSIS Pack Vendor :STMicroelectronics X-CUBE-MEMS1 11.3.0
2025-10-16 12:18:17,440 [INFO] ThirdParty:1030 - CMSIS Pack Vendor :STMicroelectronics X-CUBE-AZRTOS-H7RS 1.0.0
2025-10-16 12:18:17,440 [INFO] ThirdParty:1030 - CMSIS Pack Vendor :STMicroelectronics FP-ATR-ASTRA1 2.0.0
2025-10-16 12:18:17,440 [INFO] ThirdParty:1030 - CMSIS Pack Vendor :STMicroelectronics X-CUBE-TOF1 3.4.2
2025-10-16 12:18:17,440 [INFO] ThirdParty:1030 - CMSIS Pack Vendor :STMicroelectronics X-CUBE-AI 9.1.0
2025-10-16 12:18:17,440 [INFO] ThirdParty:1030 - CMSIS Pack Vendor :STMicroelectronics X-CUBE-TOF1 3.4.0
2025-10-16 12:18:17,440 [INFO] ThirdParty:1030 - CMSIS Pack Vendor :STMicroelectronics X-CUBE-TOF1 3.4.1
2025-10-16 12:18:17,440 [INFO] ThirdParty:1030 - CMSIS Pack Vendor :STMicroelectronics X-CUBE-AZRTOS-H7 3.2.0
2025-10-16 12:18:17,441 [INFO] ThirdParty:1030 - CMSIS Pack Vendor :wolfSSL I-CUBE-wolfSSH 1.4.17
2025-10-16 12:18:17,441 [INFO] ThirdParty:841 - exiting critical section [change project]
2025-10-16 12:18:17,772 [INFO] PinOutPanel:1499 - setPackage(No Configuration,No Configuration)
2025-10-16 12:18:17,773 [INFO] PinOutPanel:1499 - setPackage(STM32F103C6Ux,UFQFPN48)
2025-10-16 12:18:18,331 [INFO] UtilMem:75 - Before build in PCC Used Memory: 838944320 Bytes (1073741824)
2025-10-16 12:18:19,998 [INFO] UtilMem:75 - After build in PCC Used Memory: 916528128 Bytes (1073741824)
2025-10-16 12:18:20,056 [INFO] IPUIPlugin:80 - create IPUIPlugin
2025-10-16 12:18:20,056 [INFO] IPUIPlugin:80 - create IPUIPlugin
2025-10-16 12:18:20,056 [INFO] IPUIPlugin:80 - create IPUIPlugin
2025-10-16 12:18:20,056 [INFO] IPUIPlugin:80 - create IPUIPlugin
2025-10-16 12:18:20,056 [INFO] IPUIPlugin:80 - create IPUIPlugin
2025-10-16 12:18:20,056 [INFO] IPUIPlugin:80 - create IPUIPlugin
2025-10-16 12:18:20,056 [INFO] IPUIPlugin:80 - create IPUIPlugin
2025-10-16 12:18:20,056 [INFO] IPUIPlugin:80 - create IPUIPlugin
2025-10-16 12:18:20,056 [INFO] IPUIPlugin:80 - create IPUIPlugin
2025-10-16 12:18:20,056 [INFO] IPUIPlugin:80 - create IPUIPlugin
2025-10-16 12:18:20,057 [INFO] IPUIPlugin:80 - create IPUIPlugin
2025-10-16 12:18:20,057 [INFO] IPUIPlugin:80 - create IPUIPlugin
2025-10-16 12:18:20,057 [INFO] IPUIPlugin:80 - create IPUIPlugin
2025-10-16 12:18:20,057 [INFO] IPUIPlugin:80 - create IPUIPlugin
2025-10-16 12:18:20,057 [INFO] IPUIPlugin:80 - create IPUIPlugin
2025-10-16 12:18:20,057 [INFO] IPUIPlugin:80 - create IPUIPlugin
2025-10-16 12:18:20,057 [INFO] IPUIPlugin:80 - create IPUIPlugin
2025-10-16 12:18:20,057 [INFO] IPUIPlugin:80 - create IPUIPlugin
2025-10-16 12:18:20,058 [INFO] IPUIPlugin:80 - create IPUIPlugin
2025-10-16 12:18:20,058 [INFO] IPUIPlugin:80 - create IPUIPlugin
2025-10-16 12:18:20,058 [INFO] IPUIPlugin:80 - create IPUIPlugin
2025-10-16 12:18:20,089 [INFO] IPUIPlugin:80 - create IPUIPlugin
2025-10-16 12:18:20,090 [INFO] IPUIPlugin:80 - create IPUIPlugin
2025-10-16 12:18:20,622 [INFO] CADModel:165 - CPN selected for project levelSTM32F103C6U6A
2025-10-16 12:18:20,622 [INFO] CADModel:114 - Register for checkConnection events
2025-10-16 12:18:20,696 [INFO] OpenFileManager:343 - Restore cursor
2025-10-16 12:18:22,147 [INFO] UtilMem:75 - End SaveConfig() Used Memory: 614919696 Bytes (1073741824)
2025-10-16 12:18:22,237 [INFO] UtilMem:75 - End SaveConfig() Used Memory: 626105896 Bytes (1073741824)
2025-10-16 12:18:22,970 [INFO] BlockDiagram:2759 - set Specific Code input for plugin: NVIC
2025-10-16 12:18:22,970 [INFO] BlockDiagram:2759 - set Specific Code input for plugin: RCC
2025-10-16 12:18:22,974 [INFO] CodeGenerator:807 - code generatio: config db path: E:\ST\STM32CubeIDE_1.14.0\STM32CubeIDE\plugins\com.st.stm32cube.common.mx_6.10.0.202311202037\\db\
2025-10-16 12:18:23,248 [INFO] CodeEngine:255 - oldGeneratedFile, E:\LAB2\Lab2_exercise\Lab2_exercise\MXTmpFiles\license.tmp_save
2025-10-16 12:18:23,846 [INFO] CodeEngine:279 - Generated code: E:\LAB2\Lab2_exercise\Lab2_exercise\MXTmpFiles\license.tmp
2025-10-16 12:18:23,869 [INFO] CodeEngine:255 - oldGeneratedFile, E:\LAB2\Lab2_exercise\Lab2_exercise\Core\Src\stm32f1xx_it.c_save
2025-10-16 12:18:24,164 [INFO] CodeEngine:279 - Generated code: E:\LAB2\Lab2_exercise\Lab2_exercise\Core\Src\stm32f1xx_it.c
2025-10-16 12:18:24,173 [INFO] CodeEngine:255 - oldGeneratedFile, E:\LAB2\Lab2_exercise\Lab2_exercise\Core\Inc\stm32f1xx_it.h_save
2025-10-16 12:18:24,371 [INFO] CodeEngine:279 - Generated code: E:\LAB2\Lab2_exercise\Lab2_exercise\Core\Inc\stm32f1xx_it.h
2025-10-16 12:18:25,018 [INFO] CodeEngine:255 - oldGeneratedFile, E:\LAB2\Lab2_exercise\Lab2_exercise\Core\Src\stm32f1xx_hal_msp.c_save
2025-10-16 12:18:25,283 [INFO] CodeEngine:279 - Generated code: E:\LAB2\Lab2_exercise\Lab2_exercise\Core\Src\stm32f1xx_hal_msp.c
2025-10-16 12:18:25,289 [INFO] CodeEngine:255 - oldGeneratedFile, E:\LAB2\Lab2_exercise\Lab2_exercise\MXTmpFiles\system.tmp_save
2025-10-16 12:18:25,380 [INFO] CodeEngine:279 - Generated code: E:\LAB2\Lab2_exercise\Lab2_exercise\MXTmpFiles\system.tmp
2025-10-16 12:18:25,391 [INFO] CodeEngine:311 - oldGeneratedFile, E:\LAB2\Lab2_exercise\Lab2_exercise\Core\Inc\stm32f1xx_hal_conf.h_save
2025-10-16 12:18:25,600 [INFO] CodeEngine:335 - Generated code: E:\LAB2\Lab2_exercise\Lab2_exercise\Core\Inc\stm32f1xx_hal_conf.h
2025-10-16 12:18:25,691 [INFO] CodeEngine:255 - oldGeneratedFile, E:\LAB2\Lab2_exercise\Lab2_exercise\Core\Inc\main.h_save
2025-10-16 12:18:25,889 [INFO] CodeEngine:279 - Generated code: E:\LAB2\Lab2_exercise\Lab2_exercise\Core\Inc\main.h
2025-10-16 12:18:25,892 [INFO] CodeEngine:255 - oldGeneratedFile, E:\LAB2\Lab2_exercise\Lab2_exercise\Core\Src\main.c_save
2025-10-16 12:18:26,107 [INFO] CodeEngine:279 - Generated code: E:\LAB2\Lab2_exercise\Lab2_exercise\Core\Src\main.c
2025-10-16 12:18:26,757 [INFO] ProjectBuilder:3076 - Time for Copy HAL[1] : 138mS.
2025-10-16 12:18:26,768 [INFO] ProjectBuilder:4485 - Project Generator version: 4.2.0-B44
2025-10-16 12:18:27,161 [INFO] ConfigFileManager:1495 - The Die is : DIE412
2025-10-16 12:18:27,183 [INFO] ApiDbMcu:508 - Load IP Config File for FATFS
2025-10-16 12:18:27,192 [INFO] ApiDbMcu:508 - Load IP Config File for FREERTOS
2025-10-16 12:18:27,203 [INFO] ApiDbMcu:508 - Load IP Config File for USB_DEVICE
2025-10-16 12:18:28,156 [INFO] LogOutputStream:77 - [STDOUT_REDIRECT] 
2025-10-16 12:18:30,774 [INFO] ProjectBuilder:4747 - Time for Generating toolchain IDE Files: 4006mS.
2025-10-16 12:18:30,776 [INFO] ProjectBuilder:2947 - Time for Copy CMSIS : 1mS.
2025-10-16 12:18:30,779 [INFO] ProjectBuilder:2947 - Time for Copy CMSIS : 0mS.
2025-10-16 12:18:32,033 [INFO] McuFinderGlobals:76 - Set McuFinderConnectedMode to true
2025-10-16 12:18:32,038 [INFO] ApiDb:448 - Save user favorites file C:\Users\duyss/.stm32cubeide/favorites.mcus.txt: 0 item(s)
2025-10-16 12:18:32,038 [INFO] ApiDb:452 - User favorites MCUs=[]
